{"contracts/access/Roles.sol":{"l":{"20":15,"21":15,"22":15,"29":0,"30":0,"31":0,"33":0,"41":30,"42":30,"50":0,"51":0,"53":0},"path":"/Users/socrates/anchor-value/nft/beta/contracts/contracts/access/Roles.sol","s":{"1":15,"2":15,"3":15,"4":0,"5":0,"6":0,"7":0,"8":30,"9":30,"10":0,"11":0,"12":0},"b":{"1":[15,0],"2":[0,0],"3":[0,0],"4":[30,0],"5":[0,0]},"f":{"1":15,"2":0,"3":30,"4":0},"fnMap":{"1":{"name":"add","line":19,"loc":{"start":{"line":19,"column":4},"end":{"line":23,"column":4}}},"2":{"name":"remove","line":28,"loc":{"start":{"line":28,"column":4},"end":{"line":34,"column":4}}},"3":{"name":"has","line":40,"loc":{"start":{"line":40,"column":4},"end":{"line":43,"column":4}}},"4":{"name":"atLeastOneBearer","line":49,"loc":{"start":{"line":49,"column":4},"end":{"line":55,"column":4}}}},"statementMap":{"1":{"start":{"line":20,"column":8},"end":{"line":20,"column":70}},"2":{"start":{"line":21,"column":8},"end":{"line":21,"column":34}},"3":{"start":{"line":22,"column":8},"end":{"line":22,"column":32}},"4":{"start":{"line":29,"column":8},"end":{"line":29,"column":71}},"5":{"start":{"line":30,"column":8},"end":{"line":30,"column":59}},"6":{"start":{"line":31,"column":8},"end":{"line":31,"column":116}},"7":{"start":{"line":33,"column":8},"end":{"line":33,"column":35}},"8":{"start":{"line":41,"column":8},"end":{"line":41,"column":75}},"9":{"start":{"line":42,"column":8},"end":{"line":42,"column":35}},"10":{"start":{"line":50,"column":8},"end":{"line":50,"column":1677}},"11":{"start":{"line":51,"column":12},"end":{"line":51,"column":23}},"12":{"start":{"line":53,"column":12},"end":{"line":53,"column":24}}},"branchMap":{"1":{"line":20,"type":"if","locations":[{"start":{"line":20,"column":8},"end":{"line":20,"column":8}},{"start":{"line":20,"column":8},"end":{"line":20,"column":8}}]},"2":{"line":29,"type":"if","locations":[{"start":{"line":29,"column":8},"end":{"line":29,"column":8}},{"start":{"line":29,"column":8},"end":{"line":29,"column":8}}]},"3":{"line":31,"type":"if","locations":[{"start":{"line":31,"column":8},"end":{"line":31,"column":8}},{"start":{"line":31,"column":8},"end":{"line":31,"column":8}}]},"4":{"line":41,"type":"if","locations":[{"start":{"line":41,"column":8},"end":{"line":41,"column":8}},{"start":{"line":41,"column":8},"end":{"line":41,"column":8}}]},"5":{"line":50,"type":"if","locations":[{"start":{"line":50,"column":8},"end":{"line":50,"column":8}},{"start":{"line":50,"column":8},"end":{"line":50,"column":8}}]}}},"contracts/access/roles/BeneficiaryRole.sol":{"l":{"21":0,"22":0,"26":5,"30":0,"34":0,"38":0,"42":5,"43":5,"44":5,"48":0,"49":0,"50":0},"path":"/Users/socrates/anchor-value/nft/beta/contracts/contracts/access/roles/BeneficiaryRole.sol","s":{"1":0,"2":5,"3":0,"4":0,"5":0,"6":5,"7":5,"8":5,"9":0,"10":0},"b":{"1":[0,0]},"f":{"1":5,"2":0,"3":5,"4":0,"5":0,"6":0,"7":5,"8":0},"fnMap":{"1":{"name":"constructor","line":18,"loc":{"start":{"line":18,"column":4},"end":{"line":18,"column":27}}},"2":{"name":"onlyBeneficiary","line":20,"loc":{"start":{"line":20,"column":4},"end":{"line":23,"column":4}}},"3":{"name":"isBeneficiary","line":25,"loc":{"start":{"line":25,"column":4},"end":{"line":27,"column":4}}},"4":{"name":"addBeneficiary","line":29,"loc":{"start":{"line":29,"column":4},"end":{"line":31,"column":4}}},"5":{"name":"getCreator","line":33,"loc":{"start":{"line":33,"column":4},"end":{"line":35,"column":4}}},"6":{"name":"renounceBeneficiary","line":37,"loc":{"start":{"line":37,"column":4},"end":{"line":39,"column":4}}},"7":{"name":"_addBeneficiary","line":41,"loc":{"start":{"line":41,"column":4},"end":{"line":45,"column":4}}},"8":{"name":"_removeBeneficiary","line":47,"loc":{"start":{"line":47,"column":4},"end":{"line":51,"column":4}}}},"statementMap":{"1":{"start":{"line":21,"column":8},"end":{"line":21,"column":95}},"2":{"start":{"line":26,"column":8},"end":{"line":26,"column":42}},"3":{"start":{"line":30,"column":8},"end":{"line":30,"column":31}},"4":{"start":{"line":34,"column":8},"end":{"line":34,"column":50}},"5":{"start":{"line":38,"column":8},"end":{"line":38,"column":39}},"6":{"start":{"line":42,"column":8},"end":{"line":42,"column":34}},"7":{"start":{"line":43,"column":8},"end":{"line":43,"column":53}},"8":{"start":{"line":44,"column":8},"end":{"line":44,"column":38}},"9":{"start":{"line":48,"column":8},"end":{"line":48,"column":37}},"10":{"start":{"line":50,"column":8},"end":{"line":50,"column":40}}},"branchMap":{"1":{"line":21,"type":"if","locations":[{"start":{"line":21,"column":8},"end":{"line":21,"column":8}},{"start":{"line":21,"column":8},"end":{"line":21,"column":8}}]}}},"contracts/access/roles/ManagerRole.sol":{"l":{"17":5,"21":0,"22":0,"26":0,"30":0,"34":0,"38":5,"39":5,"43":0,"44":0},"path":"/Users/socrates/anchor-value/nft/beta/contracts/contracts/access/roles/ManagerRole.sol","s":{"1":5,"2":0,"3":0,"4":0,"5":0,"6":5,"7":5,"8":0,"9":0},"b":{"1":[0,0]},"f":{"1":5,"2":0,"3":0,"4":0,"5":0,"6":5,"7":0},"fnMap":{"1":{"name":"constructor","line":16,"loc":{"start":{"line":16,"column":4},"end":{"line":18,"column":4}}},"2":{"name":"onlyManager","line":20,"loc":{"start":{"line":20,"column":4},"end":{"line":23,"column":4}}},"3":{"name":"isManager","line":25,"loc":{"start":{"line":25,"column":4},"end":{"line":27,"column":4}}},"4":{"name":"addManager","line":29,"loc":{"start":{"line":29,"column":4},"end":{"line":31,"column":4}}},"5":{"name":"renounceManager","line":33,"loc":{"start":{"line":33,"column":4},"end":{"line":35,"column":4}}},"6":{"name":"_addManager","line":37,"loc":{"start":{"line":37,"column":4},"end":{"line":40,"column":4}}},"7":{"name":"_removeManager","line":42,"loc":{"start":{"line":42,"column":4},"end":{"line":45,"column":4}}}},"statementMap":{"1":{"start":{"line":17,"column":8},"end":{"line":17,"column":32}},"2":{"start":{"line":21,"column":8},"end":{"line":21,"column":78}},"3":{"start":{"line":26,"column":8},"end":{"line":26,"column":37}},"4":{"start":{"line":30,"column":8},"end":{"line":30,"column":27}},"5":{"start":{"line":34,"column":8},"end":{"line":34,"column":35}},"6":{"start":{"line":38,"column":8},"end":{"line":38,"column":29}},"7":{"start":{"line":39,"column":8},"end":{"line":39,"column":34}},"8":{"start":{"line":43,"column":8},"end":{"line":43,"column":32}},"9":{"start":{"line":44,"column":8},"end":{"line":44,"column":36}}},"branchMap":{"1":{"line":21,"type":"if","locations":[{"start":{"line":21,"column":8},"end":{"line":21,"column":8}},{"start":{"line":21,"column":8},"end":{"line":21,"column":8}}]}}},"contracts/access/roles/WhitelisterRole.sol":{"l":{"19":5,"23":10,"24":10,"28":10,"32":0,"36":0,"40":5,"41":5,"45":0,"46":0},"path":"/Users/socrates/anchor-value/nft/beta/contracts/contracts/access/roles/WhitelisterRole.sol","s":{"1":5,"2":10,"3":10,"4":0,"5":0,"6":5,"7":5,"8":0,"9":0},"b":{"1":[10,0]},"f":{"1":5,"2":10,"3":10,"4":0,"5":0,"6":5,"7":0},"fnMap":{"1":{"name":"constructor","line":18,"loc":{"start":{"line":18,"column":4},"end":{"line":20,"column":4}}},"2":{"name":"onlyWhitelister","line":22,"loc":{"start":{"line":22,"column":4},"end":{"line":25,"column":4}}},"3":{"name":"isWhitelister","line":27,"loc":{"start":{"line":27,"column":4},"end":{"line":29,"column":4}}},"4":{"name":"addWhitelister","line":31,"loc":{"start":{"line":31,"column":4},"end":{"line":33,"column":4}}},"5":{"name":"renounceWhitelister","line":35,"loc":{"start":{"line":35,"column":4},"end":{"line":37,"column":4}}},"6":{"name":"_addWhitelister","line":39,"loc":{"start":{"line":39,"column":4},"end":{"line":42,"column":4}}},"7":{"name":"_removeWhitelister","line":44,"loc":{"start":{"line":44,"column":4},"end":{"line":47,"column":4}}}},"statementMap":{"1":{"start":{"line":19,"column":8},"end":{"line":19,"column":36}},"2":{"start":{"line":23,"column":8},"end":{"line":23,"column":95}},"3":{"start":{"line":28,"column":8},"end":{"line":28,"column":41}},"4":{"start":{"line":32,"column":8},"end":{"line":32,"column":31}},"5":{"start":{"line":36,"column":8},"end":{"line":36,"column":39}},"6":{"start":{"line":40,"column":8},"end":{"line":40,"column":33}},"7":{"start":{"line":41,"column":8},"end":{"line":41,"column":38}},"8":{"start":{"line":45,"column":8},"end":{"line":45,"column":36}},"9":{"start":{"line":46,"column":8},"end":{"line":46,"column":40}}},"branchMap":{"1":{"line":23,"type":"if","locations":[{"start":{"line":23,"column":8},"end":{"line":23,"column":8}},{"start":{"line":23,"column":8},"end":{"line":23,"column":8}}]}}},"contracts/ERC721/ERC721.sol":{"l":{"94":5,"95":5,"98":5,"99":5,"100":5,"107":0,"109":0,"116":5,"123":0,"130":0,"137":0,"139":0,"142":0,"143":0,"146":0,"147":0,"150":0,"159":0,"166":0,"174":6,"181":0,"182":0,"189":0,"190":0,"192":0,"196":0,"203":0,"205":0,"212":0,"214":0,"215":0,"222":0,"230":0,"232":0,"239":0,"246":0,"247":0,"269":0,"270":0,"282":10,"293":0,"294":0,"295":0,"309":0,"317":0,"318":0,"334":5,"335":5,"337":5,"339":5,"341":5,"343":5,"357":1,"359":1,"362":1,"365":1,"366":1,"369":1,"371":1,"373":1,"388":0,"389":0,"391":0,"394":0,"396":0,"397":0,"399":0,"401":0,"412":5,"413":5,"422":0,"438":0,"439":0,"441":0,"448":0,"449":0,"453":1,"454":1},"path":"/Users/socrates/anchor-value/nft/beta/contracts/contracts/ERC721/ERC721.sol","s":{"1":5,"2":5,"3":5,"4":5,"5":5,"6":0,"7":0,"8":5,"9":0,"10":0,"11":0,"12":0,"13":0,"14":0,"15":0,"16":0,"17":0,"18":0,"19":0,"20":6,"21":0,"22":0,"23":0,"24":0,"25":0,"26":0,"27":0,"28":0,"29":0,"30":0,"31":0,"32":0,"33":0,"34":0,"35":0,"36":0,"37":0,"38":0,"39":0,"40":10,"41":0,"42":0,"43":0,"44":0,"45":0,"46":0,"47":5,"48":5,"49":5,"50":5,"51":5,"52":5,"53":1,"54":1,"55":1,"56":1,"57":1,"58":1,"59":1,"60":0,"61":0,"62":0,"63":0,"64":0,"65":0,"66":0,"67":0,"68":5,"69":5,"70":0,"71":0,"72":0,"73":0,"74":0,"75":0,"76":1,"77":1},"b":{"1":[0,0],"2":[0,0],"3":[0,0],"4":[0,0],"5":[0,0],"6":[0,0],"7":[0,0],"8":[0,0],"9":[0,0],"10":[0,0],"11":[0,0],"12":[0,0],"13":[0,0],"14":[5,0],"15":[5,0],"16":[1,0],"17":[0,0],"18":[0,0],"19":[5,0],"20":[0,0]},"f":{"1":5,"2":0,"3":5,"4":0,"5":0,"6":0,"7":0,"8":0,"9":6,"10":0,"11":0,"12":0,"13":0,"14":0,"15":0,"16":0,"17":0,"18":0,"19":10,"20":0,"21":0,"22":0,"23":5,"24":1,"25":0,"26":5,"27":0,"28":0,"29":1,"30":6},"fnMap":{"1":{"name":"constructor","line":93,"loc":{"start":{"line":93,"column":4},"end":{"line":101,"column":4}}},"2":{"name":"balanceOf","line":106,"loc":{"start":{"line":106,"column":4},"end":{"line":110,"column":4}}},"3":{"name":"ownerOf","line":115,"loc":{"start":{"line":115,"column":4},"end":{"line":117,"column":4}}},"4":{"name":"name","line":122,"loc":{"start":{"line":122,"column":4},"end":{"line":124,"column":4}}},"5":{"name":"symbol","line":129,"loc":{"start":{"line":129,"column":4},"end":{"line":131,"column":4}}},"6":{"name":"tokenURI","line":136,"loc":{"start":{"line":136,"column":4},"end":{"line":151,"column":4}}},"7":{"name":"baseURI","line":158,"loc":{"start":{"line":158,"column":4},"end":{"line":160,"column":4}}},"8":{"name":"tokenOfOwnerByIndex","line":165,"loc":{"start":{"line":165,"column":4},"end":{"line":167,"column":4}}},"9":{"name":"totalSupply","line":172,"loc":{"start":{"line":172,"column":4},"end":{"line":175,"column":4}}},"10":{"name":"tokenByIndex","line":180,"loc":{"start":{"line":180,"column":4},"end":{"line":183,"column":4}}},"11":{"name":"approve","line":188,"loc":{"start":{"line":188,"column":4},"end":{"line":197,"column":4}}},"12":{"name":"getApproved","line":202,"loc":{"start":{"line":202,"column":4},"end":{"line":206,"column":4}}},"13":{"name":"setApprovalForAll","line":211,"loc":{"start":{"line":211,"column":4},"end":{"line":216,"column":4}}},"14":{"name":"isApprovedForAll","line":221,"loc":{"start":{"line":221,"column":4},"end":{"line":223,"column":4}}},"15":{"name":"transferFrom","line":228,"loc":{"start":{"line":228,"column":4},"end":{"line":233,"column":4}}},"16":{"name":"safeTransferFrom","line":238,"loc":{"start":{"line":238,"column":4},"end":{"line":240,"column":4}}},"17":{"name":"safeTransferFrom","line":245,"loc":{"start":{"line":245,"column":4},"end":{"line":248,"column":4}}},"18":{"name":"_safeTransfer","line":268,"loc":{"start":{"line":268,"column":4},"end":{"line":271,"column":4}}},"19":{"name":"_exists","line":281,"loc":{"start":{"line":281,"column":4},"end":{"line":283,"column":4}}},"20":{"name":"_isApprovedOrOwner","line":292,"loc":{"start":{"line":292,"column":4},"end":{"line":296,"column":4}}},"21":{"name":"_safeMint","line":308,"loc":{"start":{"line":308,"column":4},"end":{"line":310,"column":4}}},"22":{"name":"_safeMint","line":316,"loc":{"start":{"line":316,"column":4},"end":{"line":319,"column":4}}},"23":{"name":"_mint","line":333,"loc":{"start":{"line":333,"column":4},"end":{"line":344,"column":4}}},"24":{"name":"_burn","line":356,"loc":{"start":{"line":356,"column":4},"end":{"line":374,"column":4}}},"25":{"name":"_transfer","line":387,"loc":{"start":{"line":387,"column":4},"end":{"line":402,"column":4}}},"26":{"name":"_setTokenURI","line":411,"loc":{"start":{"line":411,"column":4},"end":{"line":414,"column":4}}},"27":{"name":"_setBaseURI","line":421,"loc":{"start":{"line":421,"column":4},"end":{"line":423,"column":4}}},"28":{"name":"_checkOnERC721Received","line":435,"loc":{"start":{"line":435,"column":4},"end":{"line":450,"column":4}}},"29":{"name":"_approve","line":452,"loc":{"start":{"line":452,"column":4},"end":{"line":455,"column":4}}},"30":{"name":"_beforeTokenTransfer","line":472,"loc":{"start":{"line":472,"column":4},"end":{"line":472,"column":96}}}},"statementMap":{"1":{"start":{"line":94,"column":8},"end":{"line":94,"column":20}},"2":{"start":{"line":95,"column":8},"end":{"line":95,"column":24}},"3":{"start":{"line":98,"column":8},"end":{"line":98,"column":47}},"4":{"start":{"line":99,"column":8},"end":{"line":99,"column":56}},"5":{"start":{"line":100,"column":8},"end":{"line":100,"column":58}},"6":{"start":{"line":107,"column":8},"end":{"line":107,"column":81}},"7":{"start":{"line":109,"column":8},"end":{"line":109,"column":44}},"8":{"start":{"line":116,"column":8},"end":{"line":116,"column":85}},"9":{"start":{"line":123,"column":8},"end":{"line":123,"column":20}},"10":{"start":{"line":130,"column":8},"end":{"line":130,"column":22}},"11":{"start":{"line":137,"column":8},"end":{"line":137,"column":83}},"12":{"start":{"line":139,"column":8},"end":{"line":139,"column":53}},"13":{"start":{"line":142,"column":8},"end":{"line":142,"column":5132}},"14":{"start":{"line":143,"column":12},"end":{"line":143,"column":28}},"15":{"start":{"line":146,"column":8},"end":{"line":146,"column":5304}},"16":{"start":{"line":147,"column":12},"end":{"line":147,"column":64}},"17":{"start":{"line":150,"column":8},"end":{"line":150,"column":69}},"18":{"start":{"line":159,"column":8},"end":{"line":159,"column":23}},"19":{"start":{"line":166,"column":8},"end":{"line":166,"column":45}},"20":{"start":{"line":174,"column":8},"end":{"line":174,"column":36}},"21":{"start":{"line":181,"column":8},"end":{"line":181,"column":52}},"22":{"start":{"line":182,"column":8},"end":{"line":182,"column":22}},"23":{"start":{"line":189,"column":8},"end":{"line":189,"column":40}},"24":{"start":{"line":190,"column":8},"end":{"line":190,"column":64}},"25":{"start":{"line":192,"column":8},"end":{"line":192,"column":6882}},"26":{"start":{"line":196,"column":8},"end":{"line":196,"column":28}},"27":{"start":{"line":203,"column":8},"end":{"line":203,"column":80}},"28":{"start":{"line":205,"column":8},"end":{"line":205,"column":39}},"29":{"start":{"line":212,"column":8},"end":{"line":212,"column":69}},"30":{"start":{"line":214,"column":8},"end":{"line":214,"column":60}},"31":{"start":{"line":215,"column":8},"end":{"line":215,"column":61}},"32":{"start":{"line":222,"column":8},"end":{"line":222,"column":50}},"33":{"start":{"line":230,"column":8},"end":{"line":230,"column":110}},"34":{"start":{"line":232,"column":8},"end":{"line":232,"column":35}},"35":{"start":{"line":239,"column":8},"end":{"line":239,"column":46}},"36":{"start":{"line":246,"column":8},"end":{"line":246,"column":110}},"37":{"start":{"line":247,"column":8},"end":{"line":247,"column":46}},"38":{"start":{"line":269,"column":8},"end":{"line":269,"column":35}},"39":{"start":{"line":270,"column":8},"end":{"line":270,"column":118}},"40":{"start":{"line":282,"column":8},"end":{"line":282,"column":45}},"41":{"start":{"line":293,"column":8},"end":{"line":293,"column":80}},"42":{"start":{"line":294,"column":8},"end":{"line":294,"column":40}},"43":{"start":{"line":295,"column":8},"end":{"line":295,"column":104}},"44":{"start":{"line":309,"column":8},"end":{"line":309,"column":33}},"45":{"start":{"line":317,"column":8},"end":{"line":317,"column":25}},"46":{"start":{"line":318,"column":8},"end":{"line":318,"column":124}},"47":{"start":{"line":334,"column":8},"end":{"line":334,"column":68}},"48":{"start":{"line":335,"column":8},"end":{"line":335,"column":65}},"49":{"start":{"line":337,"column":8},"end":{"line":337,"column":52}},"50":{"start":{"line":339,"column":8},"end":{"line":339,"column":37}},"51":{"start":{"line":341,"column":8},"end":{"line":341,"column":36}},"52":{"start":{"line":343,"column":8},"end":{"line":343,"column":46}},"53":{"start":{"line":357,"column":8},"end":{"line":357,"column":40}},"54":{"start":{"line":359,"column":8},"end":{"line":359,"column":55}},"55":{"start":{"line":362,"column":8},"end":{"line":362,"column":36}},"56":{"start":{"line":365,"column":8},"end":{"line":365,"column":12985}},"57":{"start":{"line":369,"column":8},"end":{"line":369,"column":43}},"58":{"start":{"line":371,"column":8},"end":{"line":371,"column":35}},"59":{"start":{"line":373,"column":8},"end":{"line":373,"column":49}},"60":{"start":{"line":388,"column":8},"end":{"line":388,"column":85}},"61":{"start":{"line":389,"column":8},"end":{"line":389,"column":72}},"62":{"start":{"line":391,"column":8},"end":{"line":391,"column":46}},"63":{"start":{"line":394,"column":8},"end":{"line":394,"column":36}},"64":{"start":{"line":396,"column":8},"end":{"line":396,"column":42}},"65":{"start":{"line":397,"column":8},"end":{"line":397,"column":37}},"66":{"start":{"line":399,"column":8},"end":{"line":399,"column":36}},"67":{"start":{"line":401,"column":8},"end":{"line":401,"column":40}},"68":{"start":{"line":412,"column":8},"end":{"line":412,"column":80}},"69":{"start":{"line":413,"column":8},"end":{"line":413,"column":38}},"70":{"start":{"line":422,"column":8},"end":{"line":422,"column":26}},"71":{"start":{"line":438,"column":8},"end":{"line":438,"column":15480}},"72":{"start":{"line":439,"column":12},"end":{"line":439,"column":23}},"73":{"start":{"line":441,"column":8},"end":{"line":441,"column":15603}},"74":{"start":{"line":448,"column":8},"end":{"line":448,"column":56}},"75":{"start":{"line":449,"column":8},"end":{"line":449,"column":43}},"76":{"start":{"line":453,"column":8},"end":{"line":453,"column":36}},"77":{"start":{"line":454,"column":8},"end":{"line":454,"column":52}}},"branchMap":{"1":{"line":107,"type":"if","locations":[{"start":{"line":107,"column":8},"end":{"line":107,"column":8}},{"start":{"line":107,"column":8},"end":{"line":107,"column":8}}]},"2":{"line":137,"type":"if","locations":[{"start":{"line":137,"column":8},"end":{"line":137,"column":8}},{"start":{"line":137,"column":8},"end":{"line":137,"column":8}}]},"3":{"line":142,"type":"if","locations":[{"start":{"line":142,"column":8},"end":{"line":142,"column":8}},{"start":{"line":142,"column":8},"end":{"line":142,"column":8}}]},"4":{"line":146,"type":"if","locations":[{"start":{"line":146,"column":8},"end":{"line":146,"column":8}},{"start":{"line":146,"column":8},"end":{"line":146,"column":8}}]},"5":{"line":190,"type":"if","locations":[{"start":{"line":190,"column":8},"end":{"line":190,"column":8}},{"start":{"line":190,"column":8},"end":{"line":190,"column":8}}]},"6":{"line":192,"type":"if","locations":[{"start":{"line":192,"column":8},"end":{"line":192,"column":8}},{"start":{"line":192,"column":8},"end":{"line":192,"column":8}}]},"7":{"line":203,"type":"if","locations":[{"start":{"line":203,"column":8},"end":{"line":203,"column":8}},{"start":{"line":203,"column":8},"end":{"line":203,"column":8}}]},"8":{"line":212,"type":"if","locations":[{"start":{"line":212,"column":8},"end":{"line":212,"column":8}},{"start":{"line":212,"column":8},"end":{"line":212,"column":8}}]},"9":{"line":230,"type":"if","locations":[{"start":{"line":230,"column":8},"end":{"line":230,"column":8}},{"start":{"line":230,"column":8},"end":{"line":230,"column":8}}]},"10":{"line":246,"type":"if","locations":[{"start":{"line":246,"column":8},"end":{"line":246,"column":8}},{"start":{"line":246,"column":8},"end":{"line":246,"column":8}}]},"11":{"line":270,"type":"if","locations":[{"start":{"line":270,"column":8},"end":{"line":270,"column":8}},{"start":{"line":270,"column":8},"end":{"line":270,"column":8}}]},"12":{"line":293,"type":"if","locations":[{"start":{"line":293,"column":8},"end":{"line":293,"column":8}},{"start":{"line":293,"column":8},"end":{"line":293,"column":8}}]},"13":{"line":318,"type":"if","locations":[{"start":{"line":318,"column":8},"end":{"line":318,"column":8}},{"start":{"line":318,"column":8},"end":{"line":318,"column":8}}]},"14":{"line":334,"type":"if","locations":[{"start":{"line":334,"column":8},"end":{"line":334,"column":8}},{"start":{"line":334,"column":8},"end":{"line":334,"column":8}}]},"15":{"line":335,"type":"if","locations":[{"start":{"line":335,"column":8},"end":{"line":335,"column":8}},{"start":{"line":335,"column":8},"end":{"line":335,"column":8}}]},"16":{"line":365,"type":"if","locations":[{"start":{"line":365,"column":8},"end":{"line":365,"column":8}},{"start":{"line":365,"column":8},"end":{"line":365,"column":8}}]},"17":{"line":388,"type":"if","locations":[{"start":{"line":388,"column":8},"end":{"line":388,"column":8}},{"start":{"line":388,"column":8},"end":{"line":388,"column":8}}]},"18":{"line":389,"type":"if","locations":[{"start":{"line":389,"column":8},"end":{"line":389,"column":8}},{"start":{"line":389,"column":8},"end":{"line":389,"column":8}}]},"19":{"line":412,"type":"if","locations":[{"start":{"line":412,"column":8},"end":{"line":412,"column":8}},{"start":{"line":412,"column":8},"end":{"line":412,"column":8}}]},"20":{"line":438,"type":"if","locations":[{"start":{"line":438,"column":8},"end":{"line":438,"column":8}},{"start":{"line":438,"column":8},"end":{"line":438,"column":8}}]}}},"contracts/ERC721/ERC721Holder.sol":{"l":{"21":0},"path":"/Users/socrates/anchor-value/nft/beta/contracts/contracts/ERC721/ERC721Holder.sol","s":{"1":0},"b":{},"f":{"1":0},"fnMap":{"1":{"name":"onERC721Received","line":20,"loc":{"start":{"line":20,"column":4},"end":{"line":22,"column":4}}}},"statementMap":{"1":{"start":{"line":21,"column":8},"end":{"line":21,"column":45}}},"branchMap":{}},"contracts/ERC721/NftERC721.sol":{"l":{"21":7,"22":5,"26":3,"27":2,"28":1,"32":5,"33":5,"34":5,"38":5,"39":5,"40":5,"41":5,"42":5,"43":5,"47":0,"48":0,"49":0,"53":0,"57":0,"61":1,"62":1,"66":0,"67":0,"68":0,"69":0,"70":0},"path":"/Users/socrates/anchor-value/nft/beta/contracts/contracts/ERC721/NftERC721.sol","s":{"1":7,"2":3,"3":2,"4":5,"5":5,"6":5,"7":5,"8":5,"9":5,"10":5,"11":5,"12":0,"13":0,"14":0,"15":0,"16":0,"17":1,"18":1,"19":0,"20":0,"21":0,"22":0},"b":{"1":[5,2],"2":[1,1],"3":[5,0],"4":[5,0],"5":[0,0]},"f":{"1":7,"2":3,"3":5,"4":5,"5":0,"6":0,"7":0,"8":1,"9":0},"fnMap":{"1":{"name":"onlyFactory","line":20,"loc":{"start":{"line":20,"column":4},"end":{"line":23,"column":4}}},"2":{"name":"onlyTokenOwner","line":25,"loc":{"start":{"line":25,"column":4},"end":{"line":29,"column":4}}},"3":{"name":"constructor","line":31,"loc":{"start":{"line":31,"column":4},"end":{"line":35,"column":4}}},"4":{"name":"mint","line":37,"loc":{"start":{"line":37,"column":4},"end":{"line":44,"column":4}}},"5":{"name":"requestUpdateTokenMetadata","line":46,"loc":{"start":{"line":46,"column":4},"end":{"line":50,"column":4}}},"6":{"name":"getUpdate","line":52,"loc":{"start":{"line":52,"column":4},"end":{"line":54,"column":4}}},"7":{"name":"getMaxSupply","line":56,"loc":{"start":{"line":56,"column":4},"end":{"line":58,"column":4}}},"8":{"name":"burn","line":60,"loc":{"start":{"line":60,"column":4},"end":{"line":63,"column":4}}},"9":{"name":"approveUpdateTokenMetadata","line":65,"loc":{"start":{"line":65,"column":4},"end":{"line":71,"column":4}}}},"statementMap":{"1":{"start":{"line":21,"column":8},"end":{"line":21,"column":96}},"2":{"start":{"line":26,"column":8},"end":{"line":26,"column":40}},"3":{"start":{"line":27,"column":8},"end":{"line":27,"column":71}},"4":{"start":{"line":32,"column":8},"end":{"line":32,"column":68}},"5":{"start":{"line":33,"column":8},"end":{"line":33,"column":29}},"6":{"start":{"line":34,"column":8},"end":{"line":34,"column":35}},"7":{"start":{"line":38,"column":8},"end":{"line":38,"column":95}},"8":{"start":{"line":39,"column":8},"end":{"line":39,"column":34}},"9":{"start":{"line":41,"column":8},"end":{"line":41,"column":29}},"10":{"start":{"line":42,"column":8},"end":{"line":42,"column":31}},"11":{"start":{"line":43,"column":8},"end":{"line":43,"column":39}},"12":{"start":{"line":47,"column":8},"end":{"line":47,"column":94}},"13":{"start":{"line":48,"column":8},"end":{"line":48,"column":35}},"14":{"start":{"line":49,"column":8},"end":{"line":49,"column":48}},"15":{"start":{"line":53,"column":8},"end":{"line":53,"column":37}},"16":{"start":{"line":57,"column":8},"end":{"line":57,"column":25}},"17":{"start":{"line":61,"column":8},"end":{"line":61,"column":21}},"18":{"start":{"line":62,"column":8},"end":{"line":62,"column":19}},"19":{"start":{"line":66,"column":8},"end":{"line":66,"column":53}},"20":{"start":{"line":68,"column":8},"end":{"line":68,"column":36}},"21":{"start":{"line":69,"column":8},"end":{"line":69,"column":44}},"22":{"start":{"line":70,"column":8},"end":{"line":70,"column":19}}},"branchMap":{"1":{"line":21,"type":"if","locations":[{"start":{"line":21,"column":8},"end":{"line":21,"column":8}},{"start":{"line":21,"column":8},"end":{"line":21,"column":8}}]},"2":{"line":27,"type":"if","locations":[{"start":{"line":27,"column":8},"end":{"line":27,"column":8}},{"start":{"line":27,"column":8},"end":{"line":27,"column":8}}]},"3":{"line":32,"type":"if","locations":[{"start":{"line":32,"column":8},"end":{"line":32,"column":8}},{"start":{"line":32,"column":8},"end":{"line":32,"column":8}}]},"4":{"line":38,"type":"if","locations":[{"start":{"line":38,"column":8},"end":{"line":38,"column":8}},{"start":{"line":38,"column":8},"end":{"line":38,"column":8}}]},"5":{"line":47,"type":"if","locations":[{"start":{"line":47,"column":8},"end":{"line":47,"column":8}},{"start":{"line":47,"column":8},"end":{"line":47,"column":8}}]}}},"contracts/ERC721/NFTFactory.sol":{"l":{"26":0,"27":0,"28":0,"41":5,"42":5,"43":5,"44":5,"45":5,"46":5,"47":5,"48":5,"49":5,"50":5,"52":5,"53":5,"57":0,"61":5,"65":0,"78":0,"79":0,"92":0,"93":0,"98":0,"99":0,"100":0,"101":0,"106":5,"110":5},"path":"/Users/socrates/anchor-value/nft/beta/contracts/contracts/ERC721/NFTFactory.sol","s":{"1":0,"2":0,"3":5,"4":5,"5":5,"6":5,"7":5,"8":5,"9":5,"10":5,"11":5,"12":5,"13":5,"14":0,"15":5,"16":0,"17":0,"18":0,"19":0,"20":0,"21":0,"22":0,"23":0,"24":0,"25":5,"26":5},"b":{"1":[0,0],"2":[5,0],"3":[5,0],"4":[5,0],"5":[0,0]},"f":{"1":5,"2":0,"3":5,"4":0,"5":5,"6":0,"7":0,"8":0,"9":0,"10":5,"11":5},"fnMap":{"1":{"name":"constructor","line":23,"loc":{"start":{"line":23,"column":4},"end":{"line":23,"column":26}}},"2":{"name":"onlyCreatorOrBeneficiary","line":25,"loc":{"start":{"line":25,"column":4},"end":{"line":29,"column":4}}},"3":{"name":"create","line":31,"loc":{"start":{"line":31,"column":4},"end":{"line":54,"column":4}}},"4":{"name":"getNFTCreator","line":56,"loc":{"start":{"line":56,"column":4},"end":{"line":58,"column":4}}},"5":{"name":"getNFTById","line":60,"loc":{"start":{"line":60,"column":4},"end":{"line":62,"column":4}}},"6":{"name":"totalNFTs","line":64,"loc":{"start":{"line":64,"column":4},"end":{"line":66,"column":4}}},"7":{"name":"mint","line":75,"loc":{"start":{"line":69,"column":4},"end":{"line":80,"column":4}}},"8":{"name":"requestUpdateTokenMetadata","line":89,"loc":{"start":{"line":82,"column":4},"end":{"line":94,"column":4}}},"9":{"name":"collectRoyalties","line":97,"loc":{"start":{"line":97,"column":4},"end":{"line":102,"column":4}}},"10":{"name":"_setIdToAddress","line":105,"loc":{"start":{"line":105,"column":4},"end":{"line":107,"column":4}}},"11":{"name":"_setNFTCreator","line":109,"loc":{"start":{"line":109,"column":4},"end":{"line":111,"column":4}}}},"statementMap":{"1":{"start":{"line":26,"column":8},"end":{"line":26,"column":44}},"2":{"start":{"line":27,"column":8},"end":{"line":27,"column":149}},"3":{"start":{"line":41,"column":8},"end":{"line":41,"column":74}},"4":{"start":{"line":42,"column":8},"end":{"line":42,"column":85}},"5":{"start":{"line":43,"column":8},"end":{"line":43,"column":30}},"6":{"start":{"line":45,"column":8},"end":{"line":45,"column":67}},"7":{"start":{"line":46,"column":8},"end":{"line":46,"column":46}},"8":{"start":{"line":47,"column":8},"end":{"line":47,"column":52}},"9":{"start":{"line":48,"column":8},"end":{"line":48,"column":37}},"10":{"start":{"line":49,"column":8},"end":{"line":49,"column":1554}},"11":{"start":{"line":50,"column":12},"end":{"line":50,"column":40}},"12":{"start":{"line":52,"column":8},"end":{"line":52,"column":61}},"13":{"start":{"line":53,"column":8},"end":{"line":53,"column":19}},"14":{"start":{"line":57,"column":8},"end":{"line":57,"column":31}},"15":{"start":{"line":61,"column":8},"end":{"line":61,"column":34}},"16":{"start":{"line":65,"column":8},"end":{"line":65,"column":21}},"17":{"start":{"line":78,"column":8},"end":{"line":78,"column":47}},"18":{"start":{"line":79,"column":8},"end":{"line":79,"column":19}},"19":{"start":{"line":92,"column":8},"end":{"line":92,"column":64}},"20":{"start":{"line":93,"column":8},"end":{"line":93,"column":19}},"21":{"start":{"line":98,"column":8},"end":{"line":98,"column":104}},"22":{"start":{"line":99,"column":8},"end":{"line":99,"column":101}},"23":{"start":{"line":100,"column":8},"end":{"line":100,"column":51}},"24":{"start":{"line":101,"column":8},"end":{"line":101,"column":19}},"25":{"start":{"line":106,"column":8},"end":{"line":106,"column":34}},"26":{"start":{"line":110,"column":8},"end":{"line":110,"column":33}}},"branchMap":{"1":{"line":27,"type":"if","locations":[{"start":{"line":27,"column":8},"end":{"line":27,"column":8}},{"start":{"line":27,"column":8},"end":{"line":27,"column":8}}]},"2":{"line":41,"type":"if","locations":[{"start":{"line":41,"column":8},"end":{"line":41,"column":8}},{"start":{"line":41,"column":8},"end":{"line":41,"column":8}}]},"3":{"line":42,"type":"if","locations":[{"start":{"line":42,"column":8},"end":{"line":42,"column":8}},{"start":{"line":42,"column":8},"end":{"line":42,"column":8}}]},"4":{"line":49,"type":"if","locations":[{"start":{"line":49,"column":8},"end":{"line":49,"column":8}},{"start":{"line":49,"column":8},"end":{"line":49,"column":8}}]},"5":{"line":98,"type":"if","locations":[{"start":{"line":98,"column":8},"end":{"line":98,"column":8}},{"start":{"line":98,"column":8},"end":{"line":98,"column":8}}]}}},"contracts/interface/IERC165.sol":{"l":{},"path":"/Users/socrates/anchor-value/nft/beta/contracts/contracts/interface/IERC165.sol","s":{},"b":{},"f":{},"fnMap":{},"statementMap":{},"branchMap":{}},"contracts/interface/IERC721.sol":{"l":{},"path":"/Users/socrates/anchor-value/nft/beta/contracts/contracts/interface/IERC721.sol","s":{},"b":{},"f":{},"fnMap":{},"statementMap":{},"branchMap":{}},"contracts/interface/IERC721Enumerable.sol":{"l":{},"path":"/Users/socrates/anchor-value/nft/beta/contracts/contracts/interface/IERC721Enumerable.sol","s":{},"b":{},"f":{},"fnMap":{},"statementMap":{},"branchMap":{}},"contracts/interface/IERC721Metadata.sol":{"l":{},"path":"/Users/socrates/anchor-value/nft/beta/contracts/contracts/interface/IERC721Metadata.sol","s":{},"b":{},"f":{},"fnMap":{},"statementMap":{},"branchMap":{}},"contracts/interface/IERC721Receiver.sol":{"l":{},"path":"/Users/socrates/anchor-value/nft/beta/contracts/contracts/interface/IERC721Receiver.sol","s":{},"b":{},"f":{},"fnMap":{},"statementMap":{},"branchMap":{}},"contracts/interface/IWhitelisterRole.sol":{"l":{},"path":"/Users/socrates/anchor-value/nft/beta/contracts/contracts/interface/IWhitelisterRole.sol","s":{},"b":{},"f":{},"fnMap":{},"statementMap":{},"branchMap":{}},"contracts/interface/INftERC721.sol":{"l":{},"path":"/Users/socrates/anchor-value/nft/beta/contracts/contracts/interface/INftERC721.sol","s":{},"b":{},"f":{},"fnMap":{},"statementMap":{},"branchMap":{}},"contracts/interface/INftMarket.sol":{"l":{},"path":"/Users/socrates/anchor-value/nft/beta/contracts/contracts/interface/INftMarket.sol","s":{},"b":{},"f":{},"fnMap":{},"statementMap":{},"branchMap":{}},"contracts/interface/INFTFactory.sol":{"l":{},"path":"/Users/socrates/anchor-value/nft/beta/contracts/contracts/interface/INFTFactory.sol","s":{},"b":{},"f":{},"fnMap":{},"statementMap":{},"branchMap":{}},"contracts/market/NftMarket.sol":{"l":{"42":5,"43":5,"44":5,"45":5,"46":5,"47":5,"48":5,"52":0,"53":0,"58":0,"59":0,"60":0,"62":0,"64":0,"66":0,"68":0,"70":0,"71":0,"72":0,"76":0,"78":0,"79":0,"80":0,"81":0,"82":0,"83":0,"84":0,"85":0,"86":0,"89":0,"91":0,"94":0,"96":0,"100":0,"101":0,"102":0,"103":0,"104":0,"106":0,"107":0,"110":0,"112":0,"113":0,"114":0,"115":0,"116":0,"118":0,"119":0,"120":0,"122":0,"124":0,"129":0,"130":0,"131":0,"132":0,"134":0,"137":0,"138":0,"139":0,"140":0,"141":0,"147":0,"148":0,"149":0,"150":0,"151":0,"155":0,"156":0,"157":0,"158":0,"159":0,"161":0,"162":0,"165":0,"166":0,"170":0,"171":0,"174":0,"176":0,"183":0,"188":0,"192":0,"193":0,"209":0,"214":0,"219":0,"223":0,"228":0,"229":0,"230":0,"231":0,"233":0,"235":0,"237":0,"239":0,"241":0,"248":0,"249":0,"250":0,"254":0,"255":0,"256":0,"257":0,"258":0,"259":0,"261":0,"262":0,"264":0,"265":0,"267":0,"268":0,"270":0,"271":0,"273":0,"277":0,"278":0,"279":0,"280":0,"285":0,"286":0,"287":0,"288":0,"292":0,"296":0,"301":0,"302":0,"303":0,"304":0,"310":0,"311":0,"312":0,"316":0,"317":0,"323":0,"325":0,"327":0,"329":0,"332":0,"333":0,"336":0,"338":0,"339":0,"344":0,"347":0,"348":0,"351":0,"354":0,"357":0,"362":0,"366":0,"369":0,"370":0,"372":0,"375":0,"376":0,"379":0,"383":0,"384":0,"386":0,"391":0,"397":0,"399":0,"400":0,"403":0,"406":0,"409":0,"410":0,"415":0,"416":0,"417":0,"420":0,"421":0,"422":0,"427":0,"428":0,"431":0,"432":0,"433":0,"435":0,"436":0},"path":"/Users/socrates/anchor-value/nft/beta/contracts/contracts/market/NftMarket.sol","s":{"1":5,"2":5,"3":5,"4":5,"5":5,"6":5,"7":5,"8":0,"9":0,"10":0,"11":0,"12":0,"13":0,"14":0,"15":0,"16":0,"17":0,"18":0,"19":0,"20":0,"21":0,"22":0,"23":0,"24":0,"25":0,"26":0,"27":0,"28":0,"29":0,"30":0,"31":0,"32":0,"33":0,"34":0,"35":0,"36":0,"37":0,"38":0,"39":0,"40":0,"41":0,"42":0,"43":0,"44":0,"45":0,"46":0,"47":0,"48":0,"49":0,"50":0,"51":0,"52":0,"53":0,"54":0,"55":0,"56":0,"57":0,"58":0,"59":0,"60":0,"61":0,"62":0,"63":0,"64":0,"65":0,"66":0,"67":0,"68":0,"69":0,"70":0,"71":0,"72":0,"73":0,"74":0,"75":0,"76":0,"77":0,"78":0,"79":0,"80":0,"81":0,"82":0,"83":0,"84":0,"85":0,"86":0,"87":0,"88":0,"89":0,"90":0,"91":0,"92":0,"93":0,"94":0,"95":0,"96":0,"97":0,"98":0,"99":0,"100":0,"101":0,"102":0,"103":0,"104":0,"105":0,"106":0,"107":0,"108":0,"109":0,"110":0,"111":0,"112":0,"113":0,"114":0,"115":0,"116":0,"117":0,"118":0,"119":0,"120":0,"121":0,"122":0,"123":0,"124":0,"125":0,"126":0,"127":0,"128":0,"129":0,"130":0,"131":0,"132":0,"133":0,"134":0,"135":0,"136":0,"137":0,"138":0,"139":0,"140":0,"141":0,"142":0,"143":0,"144":0,"145":0,"146":0,"147":0,"148":0,"149":0,"150":0,"151":0,"152":0,"153":0,"154":0,"155":0,"156":0,"157":0,"158":0,"159":0,"160":0,"161":0,"162":0,"163":0,"164":0,"165":0,"166":0,"167":0,"168":0,"169":0,"170":0,"171":0,"172":0,"173":0,"174":0,"175":0,"176":0,"177":0,"178":0,"179":0,"180":0,"181":0,"182":0},"b":{"1":[5,0],"2":[5,0],"3":[5,0],"4":[5,0],"5":[5,0],"6":[5,0],"7":[0,0],"8":[0,0],"9":[0,0],"10":[0,0],"11":[0,0],"12":[0,0],"13":[0,0],"14":[0,0],"15":[0,0],"16":[0,0],"17":[0,0],"18":[0,0],"19":[0,0],"20":[0,0],"21":[0,0],"22":[0,0],"23":[0,0],"24":[0,0],"25":[0,0],"26":[0,0],"27":[0,0],"28":[0,0],"29":[0,0],"30":[0,0],"31":[0,0],"32":[0,0],"33":[0,0],"34":[0,0],"35":[0,0],"36":[0,0],"37":[0,0],"38":[0,0],"39":[0,0],"40":[0,0],"41":[0,0],"42":[0,0],"43":[0,0],"44":[0,0],"45":[0,0],"46":[0,0],"47":[0,0],"48":[0,0],"49":[0,0],"50":[0,0],"51":[0,0],"52":[0,0],"53":[0,0],"54":[0,0],"55":[0,0],"56":[0,0],"57":[0,0],"58":[0,0],"59":[0,0],"60":[0,0],"61":[0,0]},"f":{"1":5,"2":0,"3":0,"4":0,"5":0,"6":0,"7":0,"8":0,"9":0,"10":0,"11":0,"12":0,"13":0,"14":0,"15":0,"16":0,"17":0,"18":0,"19":0,"20":0,"21":0,"22":0,"23":0,"24":0,"25":0,"26":0,"27":0,"28":0,"29":0,"30":0,"31":0,"32":0},"fnMap":{"1":{"name":"constructor","line":41,"loc":{"start":{"line":41,"column":4},"end":{"line":49,"column":4}}},"2":{"name":"onlyFactory","line":51,"loc":{"start":{"line":51,"column":4},"end":{"line":54,"column":4}}},"3":{"name":"create","line":57,"loc":{"start":{"line":57,"column":4},"end":{"line":97,"column":4}}},"4":{"name":"bid","line":99,"loc":{"start":{"line":99,"column":4},"end":{"line":126,"column":4}}},"5":{"name":"cancelBid","line":128,"loc":{"start":{"line":128,"column":4},"end":{"line":144,"column":4}}},"6":{"name":"accept","line":146,"loc":{"start":{"line":146,"column":4},"end":{"line":152,"column":4}}},"7":{"name":"cancelAuction","line":154,"loc":{"start":{"line":154,"column":4},"end":{"line":177,"column":4}}},"8":{"name":"getMarketData","line":182,"loc":{"start":{"line":182,"column":4},"end":{"line":184,"column":4}}},"9":{"name":"totalAuctions","line":187,"loc":{"start":{"line":187,"column":4},"end":{"line":189,"column":4}}},"10":{"name":"getAuction","line":191,"loc":{"start":{"line":191,"column":4},"end":{"line":205,"column":4}}},"11":{"name":"isActive","line":208,"loc":{"start":{"line":208,"column":4},"end":{"line":210,"column":4}}},"12":{"name":"totalBids","line":213,"loc":{"start":{"line":213,"column":4},"end":{"line":215,"column":4}}},"13":{"name":"getHighBid","line":218,"loc":{"start":{"line":218,"column":4},"end":{"line":220,"column":4}}},"14":{"name":"getBid","line":222,"loc":{"start":{"line":222,"column":4},"end":{"line":224,"column":4}}},"15":{"name":"calcFee","line":227,"loc":{"start":{"line":227,"column":4},"end":{"line":242,"column":4}}},"16":{"name":"setListingDeposit","line":247,"loc":{"start":{"line":247,"column":4},"end":{"line":251,"column":4}}},"17":{"name":"setMarketFee","line":253,"loc":{"start":{"line":253,"column":4},"end":{"line":274,"column":4}}},"18":{"name":"setTTL","line":276,"loc":{"start":{"line":276,"column":4},"end":{"line":281,"column":4}}},"19":{"name":"collectFees","line":284,"loc":{"start":{"line":284,"column":4},"end":{"line":289,"column":4}}},"20":{"name":"checkFeeBalance","line":291,"loc":{"start":{"line":291,"column":4},"end":{"line":293,"column":4}}},"21":{"name":"checkRoyalty","line":295,"loc":{"start":{"line":295,"column":4},"end":{"line":297,"column":4}}},"22":{"name":"collectRoyalties","line":300,"loc":{"start":{"line":300,"column":4},"end":{"line":305,"column":4}}},"23":{"name":"_isApproved","line":309,"loc":{"start":{"line":309,"column":4},"end":{"line":313,"column":4}}},"24":{"name":"_isOwner","line":315,"loc":{"start":{"line":315,"column":4},"end":{"line":318,"column":4}}},"25":{"name":"_settle","line":321,"loc":{"start":{"line":321,"column":4},"end":{"line":358,"column":4}}},"26":{"name":"_calcTakerFee","line":361,"loc":{"start":{"line":361,"column":4},"end":{"line":363,"column":4}}},"27":{"name":"_calcMakerFee","line":365,"loc":{"start":{"line":365,"column":4},"end":{"line":380,"column":4}}},"28":{"name":"_calcPrimaryFee","line":382,"loc":{"start":{"line":382,"column":4},"end":{"line":388,"column":4}}},"29":{"name":"_calcRoyaltyFee","line":390,"loc":{"start":{"line":390,"column":4},"end":{"line":392,"column":4}}},"30":{"name":"_createBid","line":395,"loc":{"start":{"line":395,"column":4},"end":{"line":411,"column":4}}},"31":{"name":"_activateBid","line":413,"loc":{"start":{"line":413,"column":4},"end":{"line":423,"column":4}}},"32":{"name":"_deactivateBid","line":425,"loc":{"start":{"line":425,"column":4},"end":{"line":438,"column":4}}}},"statementMap":{"1":{"start":{"line":42,"column":8},"end":{"line":42,"column":105}},"2":{"start":{"line":43,"column":8},"end":{"line":43,"column":99}},"3":{"start":{"line":44,"column":8},"end":{"line":44,"column":96}},"4":{"start":{"line":45,"column":8},"end":{"line":45,"column":96}},"5":{"start":{"line":46,"column":8},"end":{"line":46,"column":100}},"6":{"start":{"line":47,"column":8},"end":{"line":47,"column":92}},"7":{"start":{"line":48,"column":8},"end":{"line":48,"column":27}},"8":{"start":{"line":52,"column":8},"end":{"line":52,"column":98}},"9":{"start":{"line":58,"column":8},"end":{"line":58,"column":43}},"10":{"start":{"line":59,"column":8},"end":{"line":59,"column":40}},"11":{"start":{"line":60,"column":8},"end":{"line":60,"column":73}},"12":{"start":{"line":62,"column":8},"end":{"line":62,"column":83}},"13":{"start":{"line":64,"column":8},"end":{"line":64,"column":90}},"14":{"start":{"line":66,"column":8},"end":{"line":66,"column":97}},"15":{"start":{"line":68,"column":8},"end":{"line":68,"column":59}},"16":{"start":{"line":70,"column":8},"end":{"line":70,"column":88}},"17":{"start":{"line":71,"column":8},"end":{"line":71,"column":3337}},"18":{"start":{"line":72,"column":12},"end":{"line":72,"column":33}},"19":{"start":{"line":76,"column":8},"end":{"line":76,"column":41}},"20":{"start":{"line":78,"column":8},"end":{"line":78,"column":42}},"21":{"start":{"line":79,"column":8},"end":{"line":79,"column":49}},"22":{"start":{"line":80,"column":8},"end":{"line":80,"column":53}},"23":{"start":{"line":81,"column":8},"end":{"line":81,"column":39}},"24":{"start":{"line":82,"column":8},"end":{"line":82,"column":54}},"25":{"start":{"line":83,"column":8},"end":{"line":83,"column":66}},"26":{"start":{"line":84,"column":8},"end":{"line":84,"column":73}},"27":{"start":{"line":85,"column":8},"end":{"line":85,"column":53}},"28":{"start":{"line":86,"column":8},"end":{"line":86,"column":46}},"29":{"start":{"line":91,"column":8},"end":{"line":91,"column":55}},"30":{"start":{"line":94,"column":8},"end":{"line":94,"column":63}},"31":{"start":{"line":96,"column":8},"end":{"line":96,"column":100}},"32":{"start":{"line":100,"column":8},"end":{"line":100,"column":59}},"33":{"start":{"line":101,"column":8},"end":{"line":101,"column":58}},"34":{"start":{"line":102,"column":8},"end":{"line":102,"column":80}},"35":{"start":{"line":103,"column":8},"end":{"line":103,"column":117}},"36":{"start":{"line":104,"column":8},"end":{"line":104,"column":76}},"37":{"start":{"line":106,"column":8},"end":{"line":106,"column":46}},"38":{"start":{"line":107,"column":8},"end":{"line":107,"column":85}},"39":{"start":{"line":110,"column":8},"end":{"line":110,"column":77}},"40":{"start":{"line":112,"column":8},"end":{"line":112,"column":5382}},"41":{"start":{"line":113,"column":12},"end":{"line":113,"column":93}},"42":{"start":{"line":114,"column":12},"end":{"line":114,"column":40}},"43":{"start":{"line":115,"column":12},"end":{"line":115,"column":27}},"44":{"start":{"line":116,"column":12},"end":{"line":116,"column":57}},"45":{"start":{"line":118,"column":12},"end":{"line":118,"column":54}},"46":{"start":{"line":119,"column":12},"end":{"line":119,"column":5932}},"47":{"start":{"line":120,"column":16},"end":{"line":120,"column":96}},"48":{"start":{"line":122,"column":16},"end":{"line":122,"column":85}},"49":{"start":{"line":124,"column":12},"end":{"line":124,"column":40}},"50":{"start":{"line":129,"column":8},"end":{"line":129,"column":58}},"51":{"start":{"line":130,"column":8},"end":{"line":130,"column":108}},"52":{"start":{"line":131,"column":8},"end":{"line":131,"column":84}},"53":{"start":{"line":132,"column":8},"end":{"line":132,"column":75}},"54":{"start":{"line":134,"column":8},"end":{"line":134,"column":70}},"55":{"start":{"line":137,"column":8},"end":{"line":137,"column":6945}},"56":{"start":{"line":138,"column":12},"end":{"line":138,"column":7007}},"57":{"start":{"line":139,"column":16},"end":{"line":139,"column":69}},"58":{"start":{"line":140,"column":16},"end":{"line":140,"column":62}},"59":{"start":{"line":141,"column":16},"end":{"line":141,"column":22}},"60":{"start":{"line":147,"column":8},"end":{"line":147,"column":58}},"61":{"start":{"line":148,"column":8},"end":{"line":148,"column":76}},"62":{"start":{"line":149,"column":8},"end":{"line":149,"column":76}},"63":{"start":{"line":150,"column":8},"end":{"line":150,"column":23}},"64":{"start":{"line":151,"column":8},"end":{"line":151,"column":53}},"65":{"start":{"line":155,"column":8},"end":{"line":155,"column":58}},"66":{"start":{"line":156,"column":8},"end":{"line":156,"column":117}},"67":{"start":{"line":157,"column":8},"end":{"line":157,"column":118}},"68":{"start":{"line":158,"column":8},"end":{"line":158,"column":8141}},"69":{"start":{"line":159,"column":12},"end":{"line":159,"column":94}},"70":{"start":{"line":161,"column":8},"end":{"line":161,"column":8294}},"71":{"start":{"line":162,"column":12},"end":{"line":162,"column":109}},"72":{"start":{"line":165,"column":8},"end":{"line":165,"column":8485}},"73":{"start":{"line":166,"column":12},"end":{"line":166,"column":74}},"74":{"start":{"line":170,"column":8},"end":{"line":170,"column":52}},"75":{"start":{"line":174,"column":8},"end":{"line":174,"column":105}},"76":{"start":{"line":176,"column":8},"end":{"line":176,"column":53}},"77":{"start":{"line":183,"column":8},"end":{"line":183,"column":22}},"78":{"start":{"line":188,"column":8},"end":{"line":188,"column":28}},"79":{"start":{"line":192,"column":8},"end":{"line":192,"column":58}},"80":{"start":{"line":193,"column":8},"end":{"line":193,"column":9588}},"81":{"start":{"line":209,"column":8},"end":{"line":209,"column":57}},"82":{"start":{"line":214,"column":8},"end":{"line":214,"column":44}},"83":{"start":{"line":219,"column":8},"end":{"line":219,"column":43}},"84":{"start":{"line":223,"column":8},"end":{"line":223,"column":47}},"85":{"start":{"line":228,"column":8},"end":{"line":228,"column":85}},"86":{"start":{"line":229,"column":8},"end":{"line":229,"column":19}},"87":{"start":{"line":230,"column":8},"end":{"line":230,"column":11002}},"88":{"start":{"line":231,"column":13},"end":{"line":231,"column":52}},"89":{"start":{"line":232,"column":15},"end":{"line":232,"column":11108}},"90":{"start":{"line":233,"column":12},"end":{"line":233,"column":48}},"91":{"start":{"line":234,"column":15},"end":{"line":234,"column":11207}},"92":{"start":{"line":235,"column":12},"end":{"line":235,"column":60}},"93":{"start":{"line":236,"column":15},"end":{"line":236,"column":11320}},"94":{"start":{"line":237,"column":12},"end":{"line":237,"column":36}},"95":{"start":{"line":238,"column":15},"end":{"line":238,"column":11409}},"96":{"start":{"line":239,"column":12},"end":{"line":239,"column":38}},"97":{"start":{"line":241,"column":8},"end":{"line":241,"column":18}},"98":{"start":{"line":248,"column":8},"end":{"line":248,"column":51}},"99":{"start":{"line":249,"column":8},"end":{"line":249,"column":42}},"100":{"start":{"line":250,"column":8},"end":{"line":250,"column":70}},"101":{"start":{"line":254,"column":8},"end":{"line":254,"column":84}},"102":{"start":{"line":255,"column":8},"end":{"line":255,"column":85}},"103":{"start":{"line":256,"column":8},"end":{"line":256,"column":22}},"104":{"start":{"line":257,"column":8},"end":{"line":257,"column":12130}},"105":{"start":{"line":258,"column":13},"end":{"line":258,"column":45}},"106":{"start":{"line":259,"column":12},"end":{"line":259,"column":44}},"107":{"start":{"line":260,"column":15},"end":{"line":260,"column":12276}},"108":{"start":{"line":261,"column":12},"end":{"line":261,"column":41}},"109":{"start":{"line":262,"column":12},"end":{"line":262,"column":41}},"110":{"start":{"line":263,"column":15},"end":{"line":263,"column":12412}},"111":{"start":{"line":264,"column":12},"end":{"line":264,"column":36}},"112":{"start":{"line":265,"column":12},"end":{"line":265,"column":36}},"113":{"start":{"line":266,"column":15},"end":{"line":266,"column":12540}},"114":{"start":{"line":267,"column":12},"end":{"line":267,"column":36}},"115":{"start":{"line":268,"column":12},"end":{"line":268,"column":36}},"116":{"start":{"line":269,"column":15},"end":{"line":269,"column":12668}},"117":{"start":{"line":270,"column":12},"end":{"line":270,"column":38}},"118":{"start":{"line":271,"column":12},"end":{"line":271,"column":38}},"119":{"start":{"line":273,"column":8},"end":{"line":273,"column":51}},"120":{"start":{"line":277,"column":8},"end":{"line":277,"column":23}},"121":{"start":{"line":278,"column":8},"end":{"line":278,"column":28}},"122":{"start":{"line":279,"column":8},"end":{"line":279,"column":28}},"123":{"start":{"line":280,"column":8},"end":{"line":280,"column":46}},"124":{"start":{"line":285,"column":8},"end":{"line":285,"column":36}},"125":{"start":{"line":286,"column":8},"end":{"line":286,"column":22}},"126":{"start":{"line":287,"column":8},"end":{"line":287,"column":36}},"127":{"start":{"line":288,"column":8},"end":{"line":288,"column":54}},"128":{"start":{"line":292,"column":8},"end":{"line":292,"column":26}},"129":{"start":{"line":296,"column":8},"end":{"line":296,"column":40}},"130":{"start":{"line":301,"column":8},"end":{"line":301,"column":50}},"131":{"start":{"line":303,"column":8},"end":{"line":303,"column":35}},"132":{"start":{"line":304,"column":8},"end":{"line":304,"column":21}},"133":{"start":{"line":310,"column":8},"end":{"line":310,"column":46}},"134":{"start":{"line":311,"column":8},"end":{"line":311,"column":47}},"135":{"start":{"line":312,"column":8},"end":{"line":312,"column":122}},"136":{"start":{"line":316,"column":8},"end":{"line":316,"column":46}},"137":{"start":{"line":317,"column":8},"end":{"line":317,"column":88}},"138":{"start":{"line":323,"column":8},"end":{"line":323,"column":69}},"139":{"start":{"line":325,"column":8},"end":{"line":325,"column":47}},"140":{"start":{"line":327,"column":8},"end":{"line":327,"column":19}},"141":{"start":{"line":329,"column":8},"end":{"line":329,"column":60}},"142":{"start":{"line":332,"column":8},"end":{"line":332,"column":15005}},"143":{"start":{"line":333,"column":12},"end":{"line":333,"column":85}},"144":{"start":{"line":336,"column":8},"end":{"line":336,"column":23}},"145":{"start":{"line":338,"column":8},"end":{"line":338,"column":15258}},"146":{"start":{"line":339,"column":12},"end":{"line":339,"column":41}},"147":{"start":{"line":344,"column":8},"end":{"line":344,"column":54}},"148":{"start":{"line":347,"column":8},"end":{"line":347,"column":15566}},"149":{"start":{"line":348,"column":12},"end":{"line":348,"column":103}},"150":{"start":{"line":354,"column":8},"end":{"line":354,"column":99}},"151":{"start":{"line":357,"column":8},"end":{"line":357,"column":116}},"152":{"start":{"line":362,"column":8},"end":{"line":362,"column":63}},"153":{"start":{"line":366,"column":8},"end":{"line":366,"column":19}},"154":{"start":{"line":369,"column":8},"end":{"line":369,"column":16607}},"155":{"start":{"line":370,"column":12},"end":{"line":370,"column":77}},"156":{"start":{"line":372,"column":12},"end":{"line":372,"column":78}},"157":{"start":{"line":375,"column":8},"end":{"line":375,"column":16950}},"158":{"start":{"line":376,"column":12},"end":{"line":376,"column":39}},"159":{"start":{"line":379,"column":8},"end":{"line":379,"column":18}},"160":{"start":{"line":383,"column":8},"end":{"line":383,"column":17219}},"161":{"start":{"line":384,"column":12},"end":{"line":384,"column":69}},"162":{"start":{"line":386,"column":12},"end":{"line":386,"column":72}},"163":{"start":{"line":391,"column":8},"end":{"line":391,"column":59}},"164":{"start":{"line":397,"column":7},"end":{"line":397,"column":90}},"165":{"start":{"line":399,"column":8},"end":{"line":399,"column":40}},"166":{"start":{"line":403,"column":8},"end":{"line":403,"column":83}},"167":{"start":{"line":406,"column":8},"end":{"line":406,"column":53}},"168":{"start":{"line":409,"column":8},"end":{"line":409,"column":65}},"169":{"start":{"line":410,"column":8},"end":{"line":410,"column":23}},"170":{"start":{"line":415,"column":8},"end":{"line":415,"column":43}},"171":{"start":{"line":416,"column":8},"end":{"line":416,"column":18494}},"172":{"start":{"line":417,"column":12},"end":{"line":417,"column":63}},"173":{"start":{"line":420,"column":8},"end":{"line":420,"column":71}},"174":{"start":{"line":421,"column":8},"end":{"line":421,"column":79}},"175":{"start":{"line":422,"column":8},"end":{"line":422,"column":51}},"176":{"start":{"line":427,"column":8},"end":{"line":427,"column":94}},"177":{"start":{"line":428,"column":8},"end":{"line":428,"column":133}},"178":{"start":{"line":431,"column":8},"end":{"line":431,"column":70}},"179":{"start":{"line":432,"column":8},"end":{"line":432,"column":55}},"180":{"start":{"line":433,"column":8},"end":{"line":433,"column":69}},"181":{"start":{"line":435,"column":8},"end":{"line":435,"column":19524}},"182":{"start":{"line":436,"column":12},"end":{"line":436,"column":85}}},"branchMap":{"1":{"line":42,"type":"if","locations":[{"start":{"line":42,"column":8},"end":{"line":42,"column":8}},{"start":{"line":42,"column":8},"end":{"line":42,"column":8}}]},"2":{"line":43,"type":"if","locations":[{"start":{"line":43,"column":8},"end":{"line":43,"column":8}},{"start":{"line":43,"column":8},"end":{"line":43,"column":8}}]},"3":{"line":44,"type":"if","locations":[{"start":{"line":44,"column":8},"end":{"line":44,"column":8}},{"start":{"line":44,"column":8},"end":{"line":44,"column":8}}]},"4":{"line":45,"type":"if","locations":[{"start":{"line":45,"column":8},"end":{"line":45,"column":8}},{"start":{"line":45,"column":8},"end":{"line":45,"column":8}}]},"5":{"line":46,"type":"if","locations":[{"start":{"line":46,"column":8},"end":{"line":46,"column":8}},{"start":{"line":46,"column":8},"end":{"line":46,"column":8}}]},"6":{"line":47,"type":"if","locations":[{"start":{"line":47,"column":8},"end":{"line":47,"column":8}},{"start":{"line":47,"column":8},"end":{"line":47,"column":8}}]},"7":{"line":52,"type":"if","locations":[{"start":{"line":52,"column":8},"end":{"line":52,"column":8}},{"start":{"line":52,"column":8},"end":{"line":52,"column":8}}]},"8":{"line":60,"type":"if","locations":[{"start":{"line":60,"column":8},"end":{"line":60,"column":8}},{"start":{"line":60,"column":8},"end":{"line":60,"column":8}}]},"9":{"line":62,"type":"if","locations":[{"start":{"line":62,"column":8},"end":{"line":62,"column":8}},{"start":{"line":62,"column":8},"end":{"line":62,"column":8}}]},"10":{"line":64,"type":"if","locations":[{"start":{"line":64,"column":8},"end":{"line":64,"column":8}},{"start":{"line":64,"column":8},"end":{"line":64,"column":8}}]},"11":{"line":66,"type":"if","locations":[{"start":{"line":66,"column":8},"end":{"line":66,"column":8}},{"start":{"line":66,"column":8},"end":{"line":66,"column":8}}]},"12":{"line":71,"type":"if","locations":[{"start":{"line":71,"column":8},"end":{"line":71,"column":8}},{"start":{"line":71,"column":8},"end":{"line":71,"column":8}}]},"13":{"line":100,"type":"if","locations":[{"start":{"line":100,"column":8},"end":{"line":100,"column":8}},{"start":{"line":100,"column":8},"end":{"line":100,"column":8}}]},"14":{"line":102,"type":"if","locations":[{"start":{"line":102,"column":8},"end":{"line":102,"column":8}},{"start":{"line":102,"column":8},"end":{"line":102,"column":8}}]},"15":{"line":103,"type":"if","locations":[{"start":{"line":103,"column":8},"end":{"line":103,"column":8}},{"start":{"line":103,"column":8},"end":{"line":103,"column":8}}]},"16":{"line":104,"type":"if","locations":[{"start":{"line":104,"column":8},"end":{"line":104,"column":8}},{"start":{"line":104,"column":8},"end":{"line":104,"column":8}}]},"17":{"line":107,"type":"if","locations":[{"start":{"line":107,"column":8},"end":{"line":107,"column":8}},{"start":{"line":107,"column":8},"end":{"line":107,"column":8}}]},"18":{"line":112,"type":"if","locations":[{"start":{"line":112,"column":8},"end":{"line":112,"column":8}},{"start":{"line":112,"column":8},"end":{"line":112,"column":8}}]},"19":{"line":113,"type":"if","locations":[{"start":{"line":113,"column":12},"end":{"line":113,"column":12}},{"start":{"line":113,"column":12},"end":{"line":113,"column":12}}]},"20":{"line":119,"type":"if","locations":[{"start":{"line":119,"column":12},"end":{"line":119,"column":12}},{"start":{"line":119,"column":12},"end":{"line":119,"column":12}}]},"21":{"line":120,"type":"if","locations":[{"start":{"line":120,"column":16},"end":{"line":120,"column":16}},{"start":{"line":120,"column":16},"end":{"line":120,"column":16}}]},"22":{"line":122,"type":"if","locations":[{"start":{"line":122,"column":16},"end":{"line":122,"column":16}},{"start":{"line":122,"column":16},"end":{"line":122,"column":16}}]},"23":{"line":130,"type":"if","locations":[{"start":{"line":130,"column":8},"end":{"line":130,"column":8}},{"start":{"line":130,"column":8},"end":{"line":130,"column":8}}]},"24":{"line":131,"type":"if","locations":[{"start":{"line":131,"column":8},"end":{"line":131,"column":8}},{"start":{"line":131,"column":8},"end":{"line":131,"column":8}}]},"25":{"line":132,"type":"if","locations":[{"start":{"line":132,"column":8},"end":{"line":132,"column":8}},{"start":{"line":132,"column":8},"end":{"line":132,"column":8}}]},"26":{"line":138,"type":"if","locations":[{"start":{"line":138,"column":12},"end":{"line":138,"column":12}},{"start":{"line":138,"column":12},"end":{"line":138,"column":12}}]},"27":{"line":148,"type":"if","locations":[{"start":{"line":148,"column":8},"end":{"line":148,"column":8}},{"start":{"line":148,"column":8},"end":{"line":148,"column":8}}]},"28":{"line":149,"type":"if","locations":[{"start":{"line":149,"column":8},"end":{"line":149,"column":8}},{"start":{"line":149,"column":8},"end":{"line":149,"column":8}}]},"29":{"line":156,"type":"if","locations":[{"start":{"line":156,"column":8},"end":{"line":156,"column":8}},{"start":{"line":156,"column":8},"end":{"line":156,"column":8}}]},"30":{"line":157,"type":"if","locations":[{"start":{"line":157,"column":8},"end":{"line":157,"column":8}},{"start":{"line":157,"column":8},"end":{"line":157,"column":8}}]},"31":{"line":158,"type":"if","locations":[{"start":{"line":158,"column":8},"end":{"line":158,"column":8}},{"start":{"line":158,"column":8},"end":{"line":158,"column":8}}]},"32":{"line":159,"type":"if","locations":[{"start":{"line":159,"column":12},"end":{"line":159,"column":12}},{"start":{"line":159,"column":12},"end":{"line":159,"column":12}}]},"33":{"line":161,"type":"if","locations":[{"start":{"line":161,"column":8},"end":{"line":161,"column":8}},{"start":{"line":161,"column":8},"end":{"line":161,"column":8}}]},"34":{"line":162,"type":"if","locations":[{"start":{"line":162,"column":12},"end":{"line":162,"column":12}},{"start":{"line":162,"column":12},"end":{"line":162,"column":12}}]},"35":{"line":165,"type":"if","locations":[{"start":{"line":165,"column":8},"end":{"line":165,"column":8}},{"start":{"line":165,"column":8},"end":{"line":165,"column":8}}]},"36":{"line":228,"type":"if","locations":[{"start":{"line":228,"column":8},"end":{"line":228,"column":8}},{"start":{"line":228,"column":8},"end":{"line":228,"column":8}}]},"37":{"line":230,"type":"if","locations":[{"start":{"line":230,"column":8},"end":{"line":230,"column":8}},{"start":{"line":230,"column":8},"end":{"line":230,"column":8}}]},"38":{"line":232,"type":"if","locations":[{"start":{"line":232,"column":15},"end":{"line":232,"column":15}},{"start":{"line":232,"column":15},"end":{"line":232,"column":15}}]},"39":{"line":234,"type":"if","locations":[{"start":{"line":234,"column":15},"end":{"line":234,"column":15}},{"start":{"line":234,"column":15},"end":{"line":234,"column":15}}]},"40":{"line":236,"type":"if","locations":[{"start":{"line":236,"column":15},"end":{"line":236,"column":15}},{"start":{"line":236,"column":15},"end":{"line":236,"column":15}}]},"41":{"line":238,"type":"if","locations":[{"start":{"line":238,"column":15},"end":{"line":238,"column":15}},{"start":{"line":238,"column":15},"end":{"line":238,"column":15}}]},"42":{"line":254,"type":"if","locations":[{"start":{"line":254,"column":8},"end":{"line":254,"column":8}},{"start":{"line":254,"column":8},"end":{"line":254,"column":8}}]},"43":{"line":255,"type":"if","locations":[{"start":{"line":255,"column":8},"end":{"line":255,"column":8}},{"start":{"line":255,"column":8},"end":{"line":255,"column":8}}]},"44":{"line":257,"type":"if","locations":[{"start":{"line":257,"column":8},"end":{"line":257,"column":8}},{"start":{"line":257,"column":8},"end":{"line":257,"column":8}}]},"45":{"line":260,"type":"if","locations":[{"start":{"line":260,"column":15},"end":{"line":260,"column":15}},{"start":{"line":260,"column":15},"end":{"line":260,"column":15}}]},"46":{"line":263,"type":"if","locations":[{"start":{"line":263,"column":15},"end":{"line":263,"column":15}},{"start":{"line":263,"column":15},"end":{"line":263,"column":15}}]},"47":{"line":266,"type":"if","locations":[{"start":{"line":266,"column":15},"end":{"line":266,"column":15}},{"start":{"line":266,"column":15},"end":{"line":266,"column":15}}]},"48":{"line":269,"type":"if","locations":[{"start":{"line":269,"column":15},"end":{"line":269,"column":15}},{"start":{"line":269,"column":15},"end":{"line":269,"column":15}}]},"49":{"line":312,"type":"if","locations":[{"start":{"line":312,"column":8},"end":{"line":312,"column":8}},{"start":{"line":312,"column":8},"end":{"line":312,"column":8}}]},"50":{"line":317,"type":"if","locations":[{"start":{"line":317,"column":8},"end":{"line":317,"column":8}},{"start":{"line":317,"column":8},"end":{"line":317,"column":8}}]},"51":{"line":332,"type":"if","locations":[{"start":{"line":332,"column":8},"end":{"line":332,"column":8}},{"start":{"line":332,"column":8},"end":{"line":332,"column":8}}]},"52":{"line":338,"type":"if","locations":[{"start":{"line":338,"column":8},"end":{"line":338,"column":8}},{"start":{"line":338,"column":8},"end":{"line":338,"column":8}}]},"53":{"line":347,"type":"if","locations":[{"start":{"line":347,"column":8},"end":{"line":347,"column":8}},{"start":{"line":347,"column":8},"end":{"line":347,"column":8}}]},"54":{"line":369,"type":"if","locations":[{"start":{"line":369,"column":8},"end":{"line":369,"column":8}},{"start":{"line":369,"column":8},"end":{"line":369,"column":8}}]},"55":{"line":375,"type":"if","locations":[{"start":{"line":375,"column":8},"end":{"line":375,"column":8}},{"start":{"line":375,"column":8},"end":{"line":375,"column":8}}]},"56":{"line":383,"type":"if","locations":[{"start":{"line":383,"column":8},"end":{"line":383,"column":8}},{"start":{"line":383,"column":8},"end":{"line":383,"column":8}}]},"57":{"line":397,"type":"if","locations":[{"start":{"line":397,"column":7},"end":{"line":397,"column":7}},{"start":{"line":397,"column":7},"end":{"line":397,"column":7}}]},"58":{"line":416,"type":"if","locations":[{"start":{"line":416,"column":8},"end":{"line":416,"column":8}},{"start":{"line":416,"column":8},"end":{"line":416,"column":8}}]},"59":{"line":427,"type":"if","locations":[{"start":{"line":427,"column":8},"end":{"line":427,"column":8}},{"start":{"line":427,"column":8},"end":{"line":427,"column":8}}]},"60":{"line":428,"type":"if","locations":[{"start":{"line":428,"column":8},"end":{"line":428,"column":8}},{"start":{"line":428,"column":8},"end":{"line":428,"column":8}}]},"61":{"line":435,"type":"if","locations":[{"start":{"line":435,"column":8},"end":{"line":435,"column":8}},{"start":{"line":435,"column":8},"end":{"line":435,"column":8}}]}}},"contracts/utils/Address.sol":{"l":{"31":0,"33":0,"34":0,"54":0,"57":0,"58":0,"80":0,"90":0,"105":0,"115":0,"116":0,"119":0,"120":0,"130":0,"140":0,"143":0,"144":0,"154":0,"164":0,"167":0,"168":0,"172":0,"173":0,"176":0,"180":0,"185":0},"path":"/Users/socrates/anchor-value/nft/beta/contracts/contracts/utils/Address.sol","s":{"1":0,"2":0,"3":0,"4":0,"5":0,"6":0,"7":0,"8":0,"9":0,"10":0,"11":0,"12":0,"13":0,"14":0,"15":0,"16":0,"17":0,"18":0,"19":0,"20":0,"21":0,"22":0,"23":0,"24":0},"b":{"1":[0,0],"2":[0,0],"3":[0,0],"4":[0,0],"5":[0,0],"6":[0,0],"7":[0,0],"8":[0,0]},"f":{"1":0,"2":0,"3":0,"4":0,"5":0,"6":0,"7":0,"8":0,"9":0,"10":0,"11":0},"fnMap":{"1":{"name":"isContract","line":26,"loc":{"start":{"line":26,"column":4},"end":{"line":35,"column":4}}},"2":{"name":"sendValue","line":53,"loc":{"start":{"line":53,"column":4},"end":{"line":59,"column":4}}},"3":{"name":"functionCall","line":79,"loc":{"start":{"line":79,"column":4},"end":{"line":81,"column":4}}},"4":{"name":"functionCall","line":89,"loc":{"start":{"line":89,"column":4},"end":{"line":91,"column":4}}},"5":{"name":"functionCallWithValue","line":104,"loc":{"start":{"line":104,"column":4},"end":{"line":106,"column":4}}},"6":{"name":"functionCallWithValue","line":114,"loc":{"start":{"line":114,"column":4},"end":{"line":121,"column":4}}},"7":{"name":"functionStaticCall","line":129,"loc":{"start":{"line":129,"column":4},"end":{"line":131,"column":4}}},"8":{"name":"functionStaticCall","line":139,"loc":{"start":{"line":139,"column":4},"end":{"line":145,"column":4}}},"9":{"name":"functionDelegateCall","line":153,"loc":{"start":{"line":153,"column":4},"end":{"line":155,"column":4}}},"10":{"name":"functionDelegateCall","line":163,"loc":{"start":{"line":163,"column":4},"end":{"line":169,"column":4}}},"11":{"name":"_verifyCallResult","line":171,"loc":{"start":{"line":171,"column":4},"end":{"line":188,"column":4}}}},"statementMap":{"1":{"start":{"line":31,"column":8},"end":{"line":31,"column":20}},"2":{"start":{"line":34,"column":8},"end":{"line":34,"column":23}},"3":{"start":{"line":54,"column":8},"end":{"line":54,"column":80}},"4":{"start":{"line":57,"column":8},"end":{"line":57,"column":62}},"5":{"start":{"line":58,"column":8},"end":{"line":58,"column":85}},"6":{"start":{"line":80,"column":6},"end":{"line":80,"column":73}},"7":{"start":{"line":90,"column":8},"end":{"line":90,"column":67}},"8":{"start":{"line":105,"column":8},"end":{"line":105,"column":102}},"9":{"start":{"line":115,"column":8},"end":{"line":115,"column":88}},"10":{"start":{"line":116,"column":8},"end":{"line":116,"column":67}},"11":{"start":{"line":119,"column":8},"end":{"line":119,"column":83}},"12":{"start":{"line":120,"column":8},"end":{"line":120,"column":67}},"13":{"start":{"line":130,"column":8},"end":{"line":130,"column":88}},"14":{"start":{"line":140,"column":8},"end":{"line":140,"column":74}},"15":{"start":{"line":143,"column":8},"end":{"line":143,"column":73}},"16":{"start":{"line":144,"column":8},"end":{"line":144,"column":67}},"17":{"start":{"line":154,"column":8},"end":{"line":154,"column":92}},"18":{"start":{"line":164,"column":8},"end":{"line":164,"column":76}},"19":{"start":{"line":167,"column":8},"end":{"line":167,"column":75}},"20":{"start":{"line":168,"column":8},"end":{"line":168,"column":67}},"21":{"start":{"line":172,"column":8},"end":{"line":172,"column":7239}},"22":{"start":{"line":173,"column":12},"end":{"line":173,"column":29}},"23":{"start":{"line":176,"column":12},"end":{"line":176,"column":7384}},"24":{"start":{"line":185,"column":16},"end":{"line":185,"column":35}}},"branchMap":{"1":{"line":54,"type":"if","locations":[{"start":{"line":54,"column":8},"end":{"line":54,"column":8}},{"start":{"line":54,"column":8},"end":{"line":54,"column":8}}]},"2":{"line":58,"type":"if","locations":[{"start":{"line":58,"column":8},"end":{"line":58,"column":8}},{"start":{"line":58,"column":8},"end":{"line":58,"column":8}}]},"3":{"line":115,"type":"if","locations":[{"start":{"line":115,"column":8},"end":{"line":115,"column":8}},{"start":{"line":115,"column":8},"end":{"line":115,"column":8}}]},"4":{"line":116,"type":"if","locations":[{"start":{"line":116,"column":8},"end":{"line":116,"column":8}},{"start":{"line":116,"column":8},"end":{"line":116,"column":8}}]},"5":{"line":140,"type":"if","locations":[{"start":{"line":140,"column":8},"end":{"line":140,"column":8}},{"start":{"line":140,"column":8},"end":{"line":140,"column":8}}]},"6":{"line":164,"type":"if","locations":[{"start":{"line":164,"column":8},"end":{"line":164,"column":8}},{"start":{"line":164,"column":8},"end":{"line":164,"column":8}}]},"7":{"line":172,"type":"if","locations":[{"start":{"line":172,"column":8},"end":{"line":172,"column":8}},{"start":{"line":172,"column":8},"end":{"line":172,"column":8}}]},"8":{"line":176,"type":"if","locations":[{"start":{"line":176,"column":12},"end":{"line":176,"column":12}},{"start":{"line":176,"column":12},"end":{"line":176,"column":12}}]}}},"contracts/utils/Context.sol":{"l":{"17":69,"21":0,"22":0},"path":"/Users/socrates/anchor-value/nft/beta/contracts/contracts/utils/Context.sol","s":{"1":69,"2":0},"b":{},"f":{"1":69,"2":0},"fnMap":{"1":{"name":"_msgSender","line":16,"loc":{"start":{"line":16,"column":4},"end":{"line":18,"column":4}}},"2":{"name":"_msgData","line":20,"loc":{"start":{"line":20,"column":4},"end":{"line":23,"column":4}}}},"statementMap":{"1":{"start":{"line":17,"column":8},"end":{"line":17,"column":25}},"2":{"start":{"line":22,"column":8},"end":{"line":22,"column":23}}},"branchMap":{}},"contracts/utils/EnumerableMap.sol":{"l":{"62":5,"64":5,"65":5,"68":5,"69":5,"71":0,"72":0,"83":1,"85":1,"90":1,"91":1,"96":1,"99":1,"101":1,"104":1,"107":1,"109":1,"111":0,"119":10,"126":6,"140":0,"142":0,"143":0,"154":0,"161":5,"162":5,"163":4,"180":5,"189":1,"196":10,"203":6,"216":0,"217":0,"228":0,"235":5},"path":"/Users/socrates/anchor-value/nft/beta/contracts/contracts/utils/EnumerableMap.sol","s":{"1":5,"2":5,"3":5,"4":5,"5":5,"6":0,"7":0,"8":1,"9":1,"10":1,"11":1,"12":1,"13":1,"14":1,"15":1,"16":1,"17":0,"18":10,"19":6,"20":0,"21":0,"22":0,"23":0,"24":5,"25":5,"26":4,"27":5,"28":1,"29":10,"30":6,"31":0,"32":0,"33":0,"34":5},"b":{"1":[5,0],"2":[1,0],"3":[0,0],"4":[4,1]},"f":{"1":5,"2":1,"3":10,"4":6,"5":0,"6":0,"7":5,"8":5,"9":1,"10":10,"11":6,"12":0,"13":0,"14":5},"fnMap":{"1":{"name":"_set","line":60,"loc":{"start":{"line":60,"column":4},"end":{"line":74,"column":4}}},"2":{"name":"_remove","line":81,"loc":{"start":{"line":81,"column":4},"end":{"line":113,"column":4}}},"3":{"name":"_contains","line":118,"loc":{"start":{"line":118,"column":4},"end":{"line":120,"column":4}}},"4":{"name":"_length","line":125,"loc":{"start":{"line":125,"column":4},"end":{"line":127,"column":4}}},"5":{"name":"_at","line":139,"loc":{"start":{"line":139,"column":4},"end":{"line":144,"column":4}}},"6":{"name":"_get","line":153,"loc":{"start":{"line":153,"column":4},"end":{"line":155,"column":4}}},"7":{"name":"_get","line":160,"loc":{"start":{"line":160,"column":4},"end":{"line":164,"column":4}}},"8":{"name":"set","line":179,"loc":{"start":{"line":179,"column":4},"end":{"line":181,"column":4}}},"9":{"name":"remove","line":188,"loc":{"start":{"line":188,"column":4},"end":{"line":190,"column":4}}},"10":{"name":"contains","line":195,"loc":{"start":{"line":195,"column":4},"end":{"line":197,"column":4}}},"11":{"name":"length","line":202,"loc":{"start":{"line":202,"column":4},"end":{"line":204,"column":4}}},"12":{"name":"at","line":215,"loc":{"start":{"line":215,"column":4},"end":{"line":218,"column":4}}},"13":{"name":"get","line":227,"loc":{"start":{"line":227,"column":4},"end":{"line":229,"column":4}}},"14":{"name":"get","line":234,"loc":{"start":{"line":234,"column":4},"end":{"line":236,"column":4}}}},"statementMap":{"1":{"start":{"line":62,"column":8},"end":{"line":62,"column":44}},"2":{"start":{"line":64,"column":8},"end":{"line":64,"column":2082}},"3":{"start":{"line":65,"column":12},"end":{"line":65,"column":68}},"4":{"start":{"line":68,"column":12},"end":{"line":68,"column":50}},"5":{"start":{"line":69,"column":12},"end":{"line":69,"column":23}},"6":{"start":{"line":71,"column":12},"end":{"line":71,"column":52}},"7":{"start":{"line":72,"column":12},"end":{"line":72,"column":24}},"8":{"start":{"line":83,"column":8},"end":{"line":83,"column":44}},"9":{"start":{"line":85,"column":8},"end":{"line":85,"column":2916}},"10":{"start":{"line":90,"column":12},"end":{"line":90,"column":48}},"11":{"start":{"line":91,"column":12},"end":{"line":91,"column":55}},"12":{"start":{"line":96,"column":12},"end":{"line":96,"column":64}},"13":{"start":{"line":99,"column":12},"end":{"line":99,"column":50}},"14":{"start":{"line":101,"column":12},"end":{"line":101,"column":59}},"15":{"start":{"line":104,"column":12},"end":{"line":104,"column":29}},"16":{"start":{"line":109,"column":12},"end":{"line":109,"column":23}},"17":{"start":{"line":111,"column":12},"end":{"line":111,"column":24}},"18":{"start":{"line":119,"column":8},"end":{"line":119,"column":37}},"19":{"start":{"line":126,"column":8},"end":{"line":126,"column":34}},"20":{"start":{"line":140,"column":8},"end":{"line":140,"column":81}},"21":{"start":{"line":142,"column":8},"end":{"line":142,"column":52}},"22":{"start":{"line":143,"column":8},"end":{"line":143,"column":41}},"23":{"start":{"line":154,"column":8},"end":{"line":154,"column":63}},"24":{"start":{"line":161,"column":8},"end":{"line":161,"column":44}},"25":{"start":{"line":162,"column":8},"end":{"line":162,"column":43}},"26":{"start":{"line":163,"column":8},"end":{"line":163,"column":48}},"27":{"start":{"line":180,"column":8},"end":{"line":180,"column":79}},"28":{"start":{"line":189,"column":8},"end":{"line":189,"column":48}},"29":{"start":{"line":196,"column":8},"end":{"line":196,"column":50}},"30":{"start":{"line":203,"column":8},"end":{"line":203,"column":34}},"31":{"start":{"line":216,"column":8},"end":{"line":216,"column":61}},"32":{"start":{"line":217,"column":8},"end":{"line":217,"column":63}},"33":{"start":{"line":228,"column":8},"end":{"line":228,"column":72}},"34":{"start":{"line":235,"column":8},"end":{"line":235,"column":86}}},"branchMap":{"1":{"line":64,"type":"if","locations":[{"start":{"line":64,"column":8},"end":{"line":64,"column":8}},{"start":{"line":64,"column":8},"end":{"line":64,"column":8}}]},"2":{"line":85,"type":"if","locations":[{"start":{"line":85,"column":8},"end":{"line":85,"column":8}},{"start":{"line":85,"column":8},"end":{"line":85,"column":8}}]},"3":{"line":140,"type":"if","locations":[{"start":{"line":140,"column":8},"end":{"line":140,"column":8}},{"start":{"line":140,"column":8},"end":{"line":140,"column":8}}]},"4":{"line":162,"type":"if","locations":[{"start":{"line":162,"column":8},"end":{"line":162,"column":8}},{"start":{"line":162,"column":8},"end":{"line":162,"column":8}}]}}},"contracts/utils/EnumerableSet.sol":{"l":{"56":5,"57":5,"60":5,"61":5,"63":0,"75":1,"77":1,"82":1,"83":1,"88":1,"91":1,"93":1,"96":1,"99":1,"101":1,"103":0,"111":5,"118":0,"132":0,"133":0,"149":0,"159":0,"166":0,"173":0,"187":0,"203":0,"213":0,"220":0,"227":0,"241":0,"258":5,"268":1,"275":0,"282":0,"296":0},"path":"/Users/socrates/anchor-value/nft/beta/contracts/contracts/utils/EnumerableSet.sol","s":{"1":5,"2":5,"3":5,"4":5,"5":0,"6":1,"7":1,"8":1,"9":1,"10":1,"11":1,"12":1,"13":1,"14":1,"15":0,"16":5,"17":0,"18":0,"19":0,"20":0,"21":0,"22":0,"23":0,"24":0,"25":0,"26":0,"27":0,"28":0,"29":0,"30":5,"31":1,"32":0,"33":0,"34":0},"b":{"1":[5,0],"2":[1,0],"3":[0,0]},"f":{"1":5,"2":1,"3":5,"4":0,"5":0,"6":0,"7":0,"8":0,"9":0,"10":0,"11":0,"12":0,"13":0,"14":0,"15":0,"16":5,"17":1,"18":0,"19":0,"20":0},"fnMap":{"1":{"name":"_add","line":55,"loc":{"start":{"line":55,"column":4},"end":{"line":65,"column":4}}},"2":{"name":"_remove","line":73,"loc":{"start":{"line":73,"column":4},"end":{"line":105,"column":4}}},"3":{"name":"_contains","line":110,"loc":{"start":{"line":110,"column":4},"end":{"line":112,"column":4}}},"4":{"name":"_length","line":117,"loc":{"start":{"line":117,"column":4},"end":{"line":119,"column":4}}},"5":{"name":"_at","line":131,"loc":{"start":{"line":131,"column":4},"end":{"line":134,"column":4}}},"6":{"name":"add","line":148,"loc":{"start":{"line":148,"column":4},"end":{"line":150,"column":4}}},"7":{"name":"remove","line":158,"loc":{"start":{"line":158,"column":4},"end":{"line":160,"column":4}}},"8":{"name":"contains","line":165,"loc":{"start":{"line":165,"column":4},"end":{"line":167,"column":4}}},"9":{"name":"length","line":172,"loc":{"start":{"line":172,"column":4},"end":{"line":174,"column":4}}},"10":{"name":"at","line":186,"loc":{"start":{"line":186,"column":4},"end":{"line":188,"column":4}}},"11":{"name":"add","line":202,"loc":{"start":{"line":202,"column":4},"end":{"line":204,"column":4}}},"12":{"name":"remove","line":212,"loc":{"start":{"line":212,"column":4},"end":{"line":214,"column":4}}},"13":{"name":"contains","line":219,"loc":{"start":{"line":219,"column":4},"end":{"line":221,"column":4}}},"14":{"name":"length","line":226,"loc":{"start":{"line":226,"column":4},"end":{"line":228,"column":4}}},"15":{"name":"at","line":240,"loc":{"start":{"line":240,"column":4},"end":{"line":242,"column":4}}},"16":{"name":"add","line":257,"loc":{"start":{"line":257,"column":4},"end":{"line":259,"column":4}}},"17":{"name":"remove","line":267,"loc":{"start":{"line":267,"column":4},"end":{"line":269,"column":4}}},"18":{"name":"contains","line":274,"loc":{"start":{"line":274,"column":4},"end":{"line":276,"column":4}}},"19":{"name":"length","line":281,"loc":{"start":{"line":281,"column":4},"end":{"line":283,"column":4}}},"20":{"name":"at","line":295,"loc":{"start":{"line":295,"column":4},"end":{"line":297,"column":4}}}},"statementMap":{"1":{"start":{"line":56,"column":8},"end":{"line":56,"column":1729}},"2":{"start":{"line":57,"column":12},"end":{"line":57,"column":34}},"3":{"start":{"line":60,"column":12},"end":{"line":60,"column":51}},"4":{"start":{"line":61,"column":12},"end":{"line":61,"column":23}},"5":{"start":{"line":63,"column":12},"end":{"line":63,"column":24}},"6":{"start":{"line":75,"column":8},"end":{"line":75,"column":48}},"7":{"start":{"line":77,"column":8},"end":{"line":77,"column":2455}},"8":{"start":{"line":82,"column":12},"end":{"line":82,"column":50}},"9":{"start":{"line":83,"column":12},"end":{"line":83,"column":54}},"10":{"start":{"line":88,"column":12},"end":{"line":88,"column":54}},"11":{"start":{"line":91,"column":12},"end":{"line":91,"column":49}},"12":{"start":{"line":93,"column":12},"end":{"line":93,"column":54}},"13":{"start":{"line":96,"column":12},"end":{"line":96,"column":28}},"14":{"start":{"line":101,"column":12},"end":{"line":101,"column":23}},"15":{"start":{"line":103,"column":12},"end":{"line":103,"column":24}},"16":{"start":{"line":111,"column":8},"end":{"line":111,"column":39}},"17":{"start":{"line":118,"column":8},"end":{"line":118,"column":33}},"18":{"start":{"line":132,"column":8},"end":{"line":132,"column":80}},"19":{"start":{"line":133,"column":8},"end":{"line":133,"column":33}},"20":{"start":{"line":149,"column":8},"end":{"line":149,"column":38}},"21":{"start":{"line":159,"column":8},"end":{"line":159,"column":41}},"22":{"start":{"line":166,"column":8},"end":{"line":166,"column":43}},"23":{"start":{"line":173,"column":8},"end":{"line":173,"column":34}},"24":{"start":{"line":187,"column":8},"end":{"line":187,"column":37}},"25":{"start":{"line":203,"column":8},"end":{"line":203,"column":65}},"26":{"start":{"line":213,"column":8},"end":{"line":213,"column":68}},"27":{"start":{"line":220,"column":8},"end":{"line":220,"column":70}},"28":{"start":{"line":227,"column":8},"end":{"line":227,"column":34}},"29":{"start":{"line":241,"column":8},"end":{"line":241,"column":64}},"30":{"start":{"line":258,"column":8},"end":{"line":258,"column":47}},"31":{"start":{"line":268,"column":8},"end":{"line":268,"column":50}},"32":{"start":{"line":275,"column":8},"end":{"line":275,"column":52}},"33":{"start":{"line":282,"column":8},"end":{"line":282,"column":34}},"34":{"start":{"line":296,"column":8},"end":{"line":296,"column":46}}},"branchMap":{"1":{"line":56,"type":"if","locations":[{"start":{"line":56,"column":8},"end":{"line":56,"column":8}},{"start":{"line":56,"column":8},"end":{"line":56,"column":8}}]},"2":{"line":77,"type":"if","locations":[{"start":{"line":77,"column":8},"end":{"line":77,"column":8}},{"start":{"line":77,"column":8},"end":{"line":77,"column":8}}]},"3":{"line":132,"type":"if","locations":[{"start":{"line":132,"column":8},"end":{"line":132,"column":8}},{"start":{"line":132,"column":8},"end":{"line":132,"column":8}}]}}},"contracts/utils/ERC165.sol":{"l":{"27":5,"36":0,"51":20,"52":20},"path":"/Users/socrates/anchor-value/nft/beta/contracts/contracts/utils/ERC165.sol","s":{"1":5,"2":0,"3":20,"4":20},"b":{"1":[20,0]},"f":{"1":5,"2":0,"3":20},"fnMap":{"1":{"name":"constructor","line":24,"loc":{"start":{"line":24,"column":4},"end":{"line":28,"column":4}}},"2":{"name":"supportsInterface","line":35,"loc":{"start":{"line":35,"column":4},"end":{"line":37,"column":4}}},"3":{"name":"_registerInterface","line":50,"loc":{"start":{"line":50,"column":4},"end":{"line":53,"column":4}}}},"statementMap":{"1":{"start":{"line":27,"column":8},"end":{"line":27,"column":47}},"2":{"start":{"line":36,"column":8},"end":{"line":36,"column":48}},"3":{"start":{"line":51,"column":8},"end":{"line":51,"column":73}},"4":{"start":{"line":52,"column":8},"end":{"line":52,"column":47}}},"branchMap":{"1":{"line":51,"type":"if","locations":[{"start":{"line":51,"column":8},"end":{"line":51,"column":8}},{"start":{"line":51,"column":8},"end":{"line":51,"column":8}}]}}},"contracts/utils/SafeMath.sol":{"l":{"30":5,"31":5,"33":5,"47":0,"61":0,"62":0,"64":0,"81":0,"82":0,"85":0,"86":0,"88":0,"104":0,"120":0,"121":0,"124":0,"140":0,"156":0,"157":0},"path":"/Users/socrates/anchor-value/nft/beta/contracts/contracts/utils/SafeMath.sol","s":{"1":5,"2":5,"3":5,"4":0,"5":0,"6":0,"7":0,"8":0,"9":0,"10":0,"11":0,"12":0,"13":0,"14":0,"15":0,"16":0,"17":0,"18":0,"19":0},"b":{"1":[5,0],"2":[0,0],"3":[0,0],"4":[0,0],"5":[0,0],"6":[0,0]},"f":{"1":5,"2":0,"3":0,"4":0,"5":0,"6":0,"7":0,"8":0},"fnMap":{"1":{"name":"add","line":29,"loc":{"start":{"line":29,"column":4},"end":{"line":34,"column":4}}},"2":{"name":"sub","line":46,"loc":{"start":{"line":46,"column":4},"end":{"line":48,"column":4}}},"3":{"name":"sub","line":60,"loc":{"start":{"line":60,"column":4},"end":{"line":65,"column":4}}},"4":{"name":"mul","line":77,"loc":{"start":{"line":77,"column":4},"end":{"line":89,"column":4}}},"5":{"name":"div","line":103,"loc":{"start":{"line":103,"column":4},"end":{"line":105,"column":4}}},"6":{"name":"div","line":119,"loc":{"start":{"line":119,"column":4},"end":{"line":125,"column":4}}},"7":{"name":"mod","line":139,"loc":{"start":{"line":139,"column":4},"end":{"line":141,"column":4}}},"8":{"name":"mod","line":155,"loc":{"start":{"line":155,"column":4},"end":{"line":158,"column":4}}}},"statementMap":{"1":{"start":{"line":30,"column":8},"end":{"line":30,"column":25}},"2":{"start":{"line":31,"column":8},"end":{"line":31,"column":53}},"3":{"start":{"line":33,"column":8},"end":{"line":33,"column":16}},"4":{"start":{"line":47,"column":8},"end":{"line":47,"column":58}},"5":{"start":{"line":61,"column":8},"end":{"line":61,"column":36}},"6":{"start":{"line":62,"column":8},"end":{"line":62,"column":25}},"7":{"start":{"line":64,"column":8},"end":{"line":64,"column":16}},"8":{"start":{"line":81,"column":8},"end":{"line":81,"column":2492}},"9":{"start":{"line":82,"column":12},"end":{"line":82,"column":20}},"10":{"start":{"line":85,"column":8},"end":{"line":85,"column":25}},"11":{"start":{"line":86,"column":8},"end":{"line":86,"column":63}},"12":{"start":{"line":88,"column":8},"end":{"line":88,"column":16}},"13":{"start":{"line":104,"column":8},"end":{"line":104,"column":54}},"14":{"start":{"line":120,"column":8},"end":{"line":120,"column":35}},"15":{"start":{"line":121,"column":8},"end":{"line":121,"column":25}},"16":{"start":{"line":124,"column":8},"end":{"line":124,"column":16}},"17":{"start":{"line":140,"column":8},"end":{"line":140,"column":52}},"18":{"start":{"line":156,"column":8},"end":{"line":156,"column":36}},"19":{"start":{"line":157,"column":8},"end":{"line":157,"column":20}}},"branchMap":{"1":{"line":31,"type":"if","locations":[{"start":{"line":31,"column":8},"end":{"line":31,"column":8}},{"start":{"line":31,"column":8},"end":{"line":31,"column":8}}]},"2":{"line":61,"type":"if","locations":[{"start":{"line":61,"column":8},"end":{"line":61,"column":8}},{"start":{"line":61,"column":8},"end":{"line":61,"column":8}}]},"3":{"line":81,"type":"if","locations":[{"start":{"line":81,"column":8},"end":{"line":81,"column":8}},{"start":{"line":81,"column":8},"end":{"line":81,"column":8}}]},"4":{"line":86,"type":"if","locations":[{"start":{"line":86,"column":8},"end":{"line":86,"column":8}},{"start":{"line":86,"column":8},"end":{"line":86,"column":8}}]},"5":{"line":120,"type":"if","locations":[{"start":{"line":120,"column":8},"end":{"line":120,"column":8}},{"start":{"line":120,"column":8},"end":{"line":120,"column":8}}]},"6":{"line":156,"type":"if","locations":[{"start":{"line":156,"column":8},"end":{"line":156,"column":8}},{"start":{"line":156,"column":8},"end":{"line":156,"column":8}}]}}},"contracts/utils/Strings.sol":{"l":{"16":0,"17":0,"19":0,"20":0,"21":0,"22":0,"23":0,"25":0,"26":0,"27":0,"28":0,"29":0,"30":0,"32":0},"path":"/Users/socrates/anchor-value/nft/beta/contracts/contracts/utils/Strings.sol","s":{"1":0,"2":0,"3":0,"4":0,"5":0,"6":0,"7":0,"8":0,"9":0,"10":0,"11":0,"12":0,"13":0},"b":{"1":[0,0]},"f":{"1":0},"fnMap":{"1":{"name":"toString","line":12,"loc":{"start":{"line":12,"column":4},"end":{"line":33,"column":4}}}},"statementMap":{"1":{"start":{"line":16,"column":8},"end":{"line":16,"column":488}},"2":{"start":{"line":17,"column":12},"end":{"line":17,"column":22}},"3":{"start":{"line":19,"column":8},"end":{"line":19,"column":28}},"4":{"start":{"line":20,"column":8},"end":{"line":20,"column":22}},"5":{"start":{"line":21,"column":8},"end":{"line":21,"column":602}},"6":{"start":{"line":23,"column":12},"end":{"line":23,"column":21}},"7":{"start":{"line":25,"column":8},"end":{"line":25,"column":47}},"8":{"start":{"line":26,"column":8},"end":{"line":26,"column":34}},"9":{"start":{"line":27,"column":8},"end":{"line":27,"column":19}},"10":{"start":{"line":28,"column":8},"end":{"line":28,"column":793}},"11":{"start":{"line":29,"column":12},"end":{"line":29,"column":58}},"12":{"start":{"line":30,"column":12},"end":{"line":30,"column":21}},"13":{"start":{"line":32,"column":8},"end":{"line":32,"column":29}}},"branchMap":{"1":{"line":16,"type":"if","locations":[{"start":{"line":16,"column":8},"end":{"line":16,"column":8}},{"start":{"line":16,"column":8},"end":{"line":16,"column":8}}]}}},"contracts/utils/Whitelist.sol":{"l":{"16":5,"20":5,"21":5,"25":0,"26":0,"30":5,"31":5,"33":0,"40":0,"44":5},"path":"/Users/socrates/anchor-value/nft/beta/contracts/contracts/utils/Whitelist.sol","s":{"1":5,"2":5,"3":5,"4":0,"5":0,"6":5,"7":5,"8":0,"9":0,"10":5},"b":{"1":[5,0]},"f":{"1":5,"2":5,"3":0,"4":5,"5":0,"6":5},"fnMap":{"1":{"name":"enableWhitelist","line":15,"loc":{"start":{"line":15,"column":4},"end":{"line":17,"column":4}}},"2":{"name":"addToWhitelist","line":19,"loc":{"start":{"line":19,"column":4},"end":{"line":22,"column":4}}},"3":{"name":"removeFromWhitelist","line":24,"loc":{"start":{"line":24,"column":4},"end":{"line":27,"column":4}}},"4":{"name":"isWhitelisted","line":29,"loc":{"start":{"line":29,"column":4},"end":{"line":35,"column":4}}},"5":{"name":"_unWhitelist","line":39,"loc":{"start":{"line":39,"column":4},"end":{"line":41,"column":4}}},"6":{"name":"_whitelist","line":43,"loc":{"start":{"line":43,"column":4},"end":{"line":45,"column":4}}}},"statementMap":{"1":{"start":{"line":16,"column":8},"end":{"line":16,"column":34}},"2":{"start":{"line":20,"column":8},"end":{"line":20,"column":30}},"3":{"start":{"line":21,"column":8},"end":{"line":21,"column":40}},"4":{"start":{"line":25,"column":8},"end":{"line":25,"column":36}},"5":{"start":{"line":26,"column":8},"end":{"line":26,"column":49}},"6":{"start":{"line":30,"column":8},"end":{"line":30,"column":940}},"7":{"start":{"line":31,"column":12},"end":{"line":31,"column":41}},"8":{"start":{"line":33,"column":12},"end":{"line":33,"column":23}},"9":{"start":{"line":40,"column":8},"end":{"line":40,"column":44}},"10":{"start":{"line":44,"column":8},"end":{"line":44,"column":39}}},"branchMap":{"1":{"line":30,"type":"if","locations":[{"start":{"line":30,"column":8},"end":{"line":30,"column":8}},{"start":{"line":30,"column":8},"end":{"line":30,"column":8}}]}}}}